running egg_info
creating ../../build/bugbot_urdf_description/bugbot_urdf_description.egg-info
writing ../../build/bugbot_urdf_description/bugbot_urdf_description.egg-info/PKG-INFO
writing dependency_links to ../../build/bugbot_urdf_description/bugbot_urdf_description.egg-info/dependency_links.txt
writing entry points to ../../build/bugbot_urdf_description/bugbot_urdf_description.egg-info/entry_points.txt
writing requirements to ../../build/bugbot_urdf_description/bugbot_urdf_description.egg-info/requires.txt
writing top-level names to ../../build/bugbot_urdf_description/bugbot_urdf_description.egg-info/top_level.txt
writing manifest file '../../build/bugbot_urdf_description/bugbot_urdf_description.egg-info/SOURCES.txt'
reading manifest file '../../build/bugbot_urdf_description/bugbot_urdf_description.egg-info/SOURCES.txt'
writing manifest file '../../build/bugbot_urdf_description/bugbot_urdf_description.egg-info/SOURCES.txt'
running build
running build_py
creating /home/owais/CAS/CAS_project/build/bugbot_urdf_description/build
creating /home/owais/CAS/CAS_project/build/bugbot_urdf_description/build/lib
creating /home/owais/CAS/CAS_project/build/bugbot_urdf_description/build/lib/bugbot_urdf_description
copying bugbot_urdf_description/__init__.py -> /home/owais/CAS/CAS_project/build/bugbot_urdf_description/build/lib/bugbot_urdf_description
copying bugbot_urdf_description/state_publisher.py -> /home/owais/CAS/CAS_project/build/bugbot_urdf_description/build/lib/bugbot_urdf_description
running install
running install_lib
creating /home/owais/CAS/CAS_project/install/bugbot_urdf_description/lib/python3.8/site-packages/bugbot_urdf_description
copying /home/owais/CAS/CAS_project/build/bugbot_urdf_description/build/lib/bugbot_urdf_description/__init__.py -> /home/owais/CAS/CAS_project/install/bugbot_urdf_description/lib/python3.8/site-packages/bugbot_urdf_description
copying /home/owais/CAS/CAS_project/build/bugbot_urdf_description/build/lib/bugbot_urdf_description/state_publisher.py -> /home/owais/CAS/CAS_project/install/bugbot_urdf_description/lib/python3.8/site-packages/bugbot_urdf_description
byte-compiling /home/owais/CAS/CAS_project/install/bugbot_urdf_description/lib/python3.8/site-packages/bugbot_urdf_description/__init__.py to __init__.cpython-38.pyc
byte-compiling /home/owais/CAS/CAS_project/install/bugbot_urdf_description/lib/python3.8/site-packages/bugbot_urdf_description/state_publisher.py to state_publisher.cpython-38.pyc
running install_data
creating /home/owais/CAS/CAS_project/install/bugbot_urdf_description/share/ament_index
creating /home/owais/CAS/CAS_project/install/bugbot_urdf_description/share/ament_index/resource_index
creating /home/owais/CAS/CAS_project/install/bugbot_urdf_description/share/ament_index/resource_index/packages
copying resource/bugbot_urdf_description -> /home/owais/CAS/CAS_project/install/bugbot_urdf_description/share/ament_index/resource_index/packages
copying package.xml -> /home/owais/CAS/CAS_project/install/bugbot_urdf_description/share/bugbot_urdf_description
copying launch/state_publisher.launch.py -> /home/owais/CAS/CAS_project/install/bugbot_urdf_description/share/bugbot_urdf_description
copying urdf/bugbot_viz.rviz2 -> /home/owais/CAS/CAS_project/install/bugbot_urdf_description/share/bugbot_urdf_description
copying urdf/bugbot_description.urdf -> /home/owais/CAS/CAS_project/install/bugbot_urdf_description/share/bugbot_urdf_description
creating /home/owais/CAS/CAS_project/install/bugbot_urdf_description/share/bugbot_urdf_description/meshes
copying meshes/BugBotBody.STL -> /home/owais/CAS/CAS_project/install/bugbot_urdf_description/share/bugbot_urdf_description/meshes
copying meshes/BugBotBodyV3.STL -> /home/owais/CAS/CAS_project/install/bugbot_urdf_description/share/bugbot_urdf_description/meshes
copying meshes/Wheel.STL -> /home/owais/CAS/CAS_project/install/bugbot_urdf_description/share/bugbot_urdf_description/meshes
running install_egg_info
Copying ../../build/bugbot_urdf_description/bugbot_urdf_description.egg-info to /home/owais/CAS/CAS_project/install/bugbot_urdf_description/lib/python3.8/site-packages/bugbot_urdf_description-0.0.0-py3.8.egg-info
running install_scripts
Installing state_publisher script to /home/owais/CAS/CAS_project/install/bugbot_urdf_description/lib/bugbot_urdf_description
writing list of installed files to '/home/owais/CAS/CAS_project/build/bugbot_urdf_description/install.log'
