[0.247s] DEBUG:colcon:Command line arguments: ['/usr/bin/colcon', 'build', '--symlink-install']
[0.247s] DEBUG:colcon:Parsed command line arguments: Namespace(ament_cmake_args=None, base_paths=['.'], build_base='build', catkin_cmake_args=None, catkin_skip_building_tests=False, cmake_args=None, cmake_clean_cache=False, cmake_clean_first=False, cmake_force_configure=False, cmake_target=None, cmake_target_skip_unavailable=False, continue_on_error=False, event_handlers=None, executor='parallel', ignore_user_meta=False, install_base='install', log_base=None, log_level=None, main=<bound method BuildVerb.main of <colcon_core.verb.build.BuildVerb object at 0x7f7309317e80>>, merge_install=False, metas=['./colcon.meta'], packages_above=None, packages_above_and_dependencies=None, packages_above_depth=None, packages_end=None, packages_ignore=None, packages_ignore_regex=None, packages_select=None, packages_select_build_failed=False, packages_select_by_dep=None, packages_select_regex=None, packages_select_test_failures=False, packages_skip=None, packages_skip_build_finished=False, packages_skip_by_dep=None, packages_skip_regex=None, packages_skip_test_passed=False, packages_skip_up_to=None, packages_start=None, packages_up_to=None, packages_up_to_regex=None, parallel_workers=4, paths=None, symlink_install=True, test_result_base=None, verb_extension=<colcon_core.verb.build.BuildVerb object at 0x7f7309317e80>, verb_name='build', verb_parser=<colcon_defaults.argument_parser.defaults.DefaultArgumentsDecorator object at 0x7f73092a6430>)
[0.293s] Level 1:colcon.colcon_core.package_discovery:discover_packages(colcon_meta) check parameters
[0.293s] Level 1:colcon.colcon_core.package_discovery:discover_packages(recursive) check parameters
[0.293s] Level 1:colcon.colcon_core.package_discovery:discover_packages(ignore) check parameters
[0.293s] Level 1:colcon.colcon_core.package_discovery:discover_packages(path) check parameters
[0.293s] Level 1:colcon.colcon_core.package_discovery:discover_packages(colcon_meta) discover
[0.294s] Level 1:colcon.colcon_core.package_discovery:discover_packages(recursive) discover
[0.294s] INFO:colcon.colcon_core.package_discovery:Crawling recursively for packages in '/home/owais/CAS/CAS_project'
[0.294s] Level 1:colcon.colcon_core.package_identification:_identify(.) by extensions ['ignore', 'ignore_ament_install']
[0.294s] Level 1:colcon.colcon_core.package_identification:_identify(.) by extension 'ignore'
[0.294s] Level 1:colcon.colcon_core.package_identification:_identify(.) by extension 'ignore_ament_install'
[0.294s] Level 1:colcon.colcon_core.package_identification:_identify(.) by extensions ['colcon_pkg']
[0.294s] Level 1:colcon.colcon_core.package_identification:_identify(.) by extension 'colcon_pkg'
[0.294s] Level 1:colcon.colcon_core.package_identification:_identify(.) by extensions ['colcon_meta']
[0.294s] Level 1:colcon.colcon_core.package_identification:_identify(.) by extension 'colcon_meta'
[0.294s] Level 1:colcon.colcon_core.package_identification:_identify(.) by extensions ['ros']
[0.294s] Level 1:colcon.colcon_core.package_identification:_identify(.) by extension 'ros'
[0.313s] Level 1:colcon.colcon_core.package_identification:_identify(.) by extensions ['cmake', 'python']
[0.313s] Level 1:colcon.colcon_core.package_identification:_identify(.) by extension 'cmake'
[0.313s] Level 1:colcon.colcon_core.package_identification:_identify(.) by extension 'python'
[0.313s] Level 1:colcon.colcon_core.package_identification:_identify(.) by extensions ['python_setup_py']
[0.313s] Level 1:colcon.colcon_core.package_identification:_identify(.) by extension 'python_setup_py'
[0.313s] Level 1:colcon.colcon_core.package_identification:_identify(build) by extensions ['ignore', 'ignore_ament_install']
[0.314s] Level 1:colcon.colcon_core.package_identification:_identify(build) by extension 'ignore'
[0.314s] Level 1:colcon.colcon_core.package_identification:_identify(build) ignored
[0.314s] Level 1:colcon.colcon_core.package_identification:_identify(install) by extensions ['ignore', 'ignore_ament_install']
[0.314s] Level 1:colcon.colcon_core.package_identification:_identify(install) by extension 'ignore'
[0.314s] Level 1:colcon.colcon_core.package_identification:_identify(install) ignored
[0.314s] Level 1:colcon.colcon_core.package_identification:_identify(log) by extensions ['ignore', 'ignore_ament_install']
[0.314s] Level 1:colcon.colcon_core.package_identification:_identify(log) by extension 'ignore'
[0.314s] Level 1:colcon.colcon_core.package_identification:_identify(log) ignored
[0.315s] Level 1:colcon.colcon_core.package_identification:_identify(src) by extensions ['ignore', 'ignore_ament_install']
[0.315s] Level 1:colcon.colcon_core.package_identification:_identify(src) by extension 'ignore'
[0.315s] Level 1:colcon.colcon_core.package_identification:_identify(src) by extension 'ignore_ament_install'
[0.315s] Level 1:colcon.colcon_core.package_identification:_identify(src) by extensions ['colcon_pkg']
[0.315s] Level 1:colcon.colcon_core.package_identification:_identify(src) by extension 'colcon_pkg'
[0.315s] Level 1:colcon.colcon_core.package_identification:_identify(src) by extensions ['colcon_meta']
[0.315s] Level 1:colcon.colcon_core.package_identification:_identify(src) by extension 'colcon_meta'
[0.315s] Level 1:colcon.colcon_core.package_identification:_identify(src) by extensions ['ros']
[0.315s] Level 1:colcon.colcon_core.package_identification:_identify(src) by extension 'ros'
[0.315s] Level 1:colcon.colcon_core.package_identification:_identify(src) by extensions ['cmake', 'python']
[0.315s] Level 1:colcon.colcon_core.package_identification:_identify(src) by extension 'cmake'
[0.316s] Level 1:colcon.colcon_core.package_identification:_identify(src) by extension 'python'
[0.316s] Level 1:colcon.colcon_core.package_identification:_identify(src) by extensions ['python_setup_py']
[0.316s] Level 1:colcon.colcon_core.package_identification:_identify(src) by extension 'python_setup_py'
[0.316s] Level 1:colcon.colcon_core.package_identification:_identify(src/MPC_controller) by extensions ['ignore', 'ignore_ament_install']
[0.316s] Level 1:colcon.colcon_core.package_identification:_identify(src/MPC_controller) by extension 'ignore'
[0.316s] Level 1:colcon.colcon_core.package_identification:_identify(src/MPC_controller) by extension 'ignore_ament_install'
[0.316s] Level 1:colcon.colcon_core.package_identification:_identify(src/MPC_controller) by extensions ['colcon_pkg']
[0.316s] Level 1:colcon.colcon_core.package_identification:_identify(src/MPC_controller) by extension 'colcon_pkg'
[0.316s] Level 1:colcon.colcon_core.package_identification:_identify(src/MPC_controller) by extensions ['colcon_meta']
[0.316s] Level 1:colcon.colcon_core.package_identification:_identify(src/MPC_controller) by extension 'colcon_meta'
[0.316s] Level 1:colcon.colcon_core.package_identification:_identify(src/MPC_controller) by extensions ['ros']
[0.316s] Level 1:colcon.colcon_core.package_identification:_identify(src/MPC_controller) by extension 'ros'
[0.317s] Level 1:colcon.colcon_core.package_identification:_identify(src/MPC_controller) by extensions ['cmake', 'python']
[0.317s] Level 1:colcon.colcon_core.package_identification:_identify(src/MPC_controller) by extension 'cmake'
[0.317s] Level 1:colcon.colcon_core.package_identification:_identify(src/MPC_controller) by extension 'python'
[0.317s] Level 1:colcon.colcon_core.package_identification:_identify(src/MPC_controller) by extensions ['python_setup_py']
[0.317s] Level 1:colcon.colcon_core.package_identification:_identify(src/MPC_controller) by extension 'python_setup_py'
[0.317s] Level 1:colcon.colcon_core.package_identification:_identify(src/bugbot_urdf_description) by extensions ['ignore', 'ignore_ament_install']
[0.317s] Level 1:colcon.colcon_core.package_identification:_identify(src/bugbot_urdf_description) by extension 'ignore'
[0.317s] Level 1:colcon.colcon_core.package_identification:_identify(src/bugbot_urdf_description) by extension 'ignore_ament_install'
[0.317s] Level 1:colcon.colcon_core.package_identification:_identify(src/bugbot_urdf_description) by extensions ['colcon_pkg']
[0.317s] Level 1:colcon.colcon_core.package_identification:_identify(src/bugbot_urdf_description) by extension 'colcon_pkg'
[0.317s] Level 1:colcon.colcon_core.package_identification:_identify(src/bugbot_urdf_description) by extensions ['colcon_meta']
[0.318s] Level 1:colcon.colcon_core.package_identification:_identify(src/bugbot_urdf_description) by extension 'colcon_meta'
[0.318s] Level 1:colcon.colcon_core.package_identification:_identify(src/bugbot_urdf_description) by extensions ['ros']
[0.318s] Level 1:colcon.colcon_core.package_identification:_identify(src/bugbot_urdf_description) by extension 'ros'
[0.348s] DEBUG:colcon.colcon_core.package_identification:Package 'src/bugbot_urdf_description' with type 'ros.ament_python' and name 'bugbot_urdf_description'
[0.348s] Level 1:colcon.colcon_core.package_identification:_identify(src/cpp_pubsub) by extensions ['ignore', 'ignore_ament_install']
[0.348s] Level 1:colcon.colcon_core.package_identification:_identify(src/cpp_pubsub) by extension 'ignore'
[0.348s] Level 1:colcon.colcon_core.package_identification:_identify(src/cpp_pubsub) by extension 'ignore_ament_install'
[0.349s] Level 1:colcon.colcon_core.package_identification:_identify(src/cpp_pubsub) by extensions ['colcon_pkg']
[0.349s] Level 1:colcon.colcon_core.package_identification:_identify(src/cpp_pubsub) by extension 'colcon_pkg'
[0.349s] Level 1:colcon.colcon_core.package_identification:_identify(src/cpp_pubsub) by extensions ['colcon_meta']
[0.349s] Level 1:colcon.colcon_core.package_identification:_identify(src/cpp_pubsub) by extension 'colcon_meta'
[0.349s] Level 1:colcon.colcon_core.package_identification:_identify(src/cpp_pubsub) by extensions ['ros']
[0.349s] Level 1:colcon.colcon_core.package_identification:_identify(src/cpp_pubsub) by extension 'ros'
[0.366s] DEBUG:colcon.colcon_core.package_identification:Package 'src/cpp_pubsub' with type 'ros.ament_cmake' and name 'cpp_pubsub'
[0.366s] Level 1:colcon.colcon_core.package_identification:_identify(src/sensor_fusion) by extensions ['ignore', 'ignore_ament_install']
[0.366s] Level 1:colcon.colcon_core.package_identification:_identify(src/sensor_fusion) by extension 'ignore'
[0.366s] Level 1:colcon.colcon_core.package_identification:_identify(src/sensor_fusion) by extension 'ignore_ament_install'
[0.366s] Level 1:colcon.colcon_core.package_identification:_identify(src/sensor_fusion) by extensions ['colcon_pkg']
[0.366s] Level 1:colcon.colcon_core.package_identification:_identify(src/sensor_fusion) by extension 'colcon_pkg'
[0.367s] Level 1:colcon.colcon_core.package_identification:_identify(src/sensor_fusion) by extensions ['colcon_meta']
[0.367s] Level 1:colcon.colcon_core.package_identification:_identify(src/sensor_fusion) by extension 'colcon_meta'
[0.367s] Level 1:colcon.colcon_core.package_identification:_identify(src/sensor_fusion) by extensions ['ros']
[0.367s] Level 1:colcon.colcon_core.package_identification:_identify(src/sensor_fusion) by extension 'ros'
[0.381s] DEBUG:colcon.colcon_core.package_identification:Package 'src/sensor_fusion' with type 'ros.ament_python' and name 'sensor_fusion'
[0.381s] Level 1:colcon.colcon_core.package_discovery:discover_packages(recursive) using defaults
[0.381s] Level 1:colcon.colcon_core.package_discovery:discover_packages(ignore) discover
[0.381s] Level 1:colcon.colcon_core.package_discovery:discover_packages(ignore) using defaults
[0.381s] Level 1:colcon.colcon_core.package_discovery:discover_packages(path) discover
[0.381s] Level 1:colcon.colcon_core.package_discovery:discover_packages(path) using defaults
[0.413s] Level 5:colcon.colcon_core.verb:set package 'bugbot_urdf_description' build argument 'cmake_args' from command line to 'None'
[0.414s] Level 5:colcon.colcon_core.verb:set package 'bugbot_urdf_description' build argument 'cmake_target' from command line to 'None'
[0.414s] Level 5:colcon.colcon_core.verb:set package 'bugbot_urdf_description' build argument 'cmake_target_skip_unavailable' from command line to 'False'
[0.414s] Level 5:colcon.colcon_core.verb:set package 'bugbot_urdf_description' build argument 'cmake_clean_cache' from command line to 'False'
[0.414s] Level 5:colcon.colcon_core.verb:set package 'bugbot_urdf_description' build argument 'cmake_clean_first' from command line to 'False'
[0.414s] Level 5:colcon.colcon_core.verb:set package 'bugbot_urdf_description' build argument 'cmake_force_configure' from command line to 'False'
[0.414s] Level 5:colcon.colcon_core.verb:set package 'bugbot_urdf_description' build argument 'ament_cmake_args' from command line to 'None'
[0.414s] Level 5:colcon.colcon_core.verb:set package 'bugbot_urdf_description' build argument 'catkin_cmake_args' from command line to 'None'
[0.414s] Level 5:colcon.colcon_core.verb:set package 'bugbot_urdf_description' build argument 'catkin_skip_building_tests' from command line to 'False'
[0.414s] DEBUG:colcon.colcon_core.verb:Building package 'bugbot_urdf_description' with the following arguments: {'ament_cmake_args': None, 'build_base': '/home/owais/CAS/CAS_project/build/bugbot_urdf_description', 'catkin_cmake_args': None, 'catkin_skip_building_tests': False, 'cmake_args': None, 'cmake_clean_cache': False, 'cmake_clean_first': False, 'cmake_force_configure': False, 'cmake_target': None, 'cmake_target_skip_unavailable': False, 'install_base': '/home/owais/CAS/CAS_project/install/bugbot_urdf_description', 'merge_install': False, 'path': '/home/owais/CAS/CAS_project/src/bugbot_urdf_description', 'symlink_install': True, 'test_result_base': None}
[0.419s] Level 5:colcon.colcon_core.verb:set package 'cpp_pubsub' build argument 'cmake_args' from command line to 'None'
[0.419s] Level 5:colcon.colcon_core.verb:set package 'cpp_pubsub' build argument 'cmake_target' from command line to 'None'
[0.419s] Level 5:colcon.colcon_core.verb:set package 'cpp_pubsub' build argument 'cmake_target_skip_unavailable' from command line to 'False'
[0.419s] Level 5:colcon.colcon_core.verb:set package 'cpp_pubsub' build argument 'cmake_clean_cache' from command line to 'False'
[0.419s] Level 5:colcon.colcon_core.verb:set package 'cpp_pubsub' build argument 'cmake_clean_first' from command line to 'False'
[0.419s] Level 5:colcon.colcon_core.verb:set package 'cpp_pubsub' build argument 'cmake_force_configure' from command line to 'False'
[0.419s] Level 5:colcon.colcon_core.verb:set package 'cpp_pubsub' build argument 'ament_cmake_args' from command line to 'None'
[0.420s] Level 5:colcon.colcon_core.verb:set package 'cpp_pubsub' build argument 'catkin_cmake_args' from command line to 'None'
[0.420s] Level 5:colcon.colcon_core.verb:set package 'cpp_pubsub' build argument 'catkin_skip_building_tests' from command line to 'False'
[0.420s] DEBUG:colcon.colcon_core.verb:Building package 'cpp_pubsub' with the following arguments: {'ament_cmake_args': None, 'build_base': '/home/owais/CAS/CAS_project/build/cpp_pubsub', 'catkin_cmake_args': None, 'catkin_skip_building_tests': False, 'cmake_args': None, 'cmake_clean_cache': False, 'cmake_clean_first': False, 'cmake_force_configure': False, 'cmake_target': None, 'cmake_target_skip_unavailable': False, 'install_base': '/home/owais/CAS/CAS_project/install/cpp_pubsub', 'merge_install': False, 'path': '/home/owais/CAS/CAS_project/src/cpp_pubsub', 'symlink_install': True, 'test_result_base': None}
[0.425s] Level 5:colcon.colcon_core.verb:set package 'sensor_fusion' build argument 'cmake_args' from command line to 'None'
[0.425s] Level 5:colcon.colcon_core.verb:set package 'sensor_fusion' build argument 'cmake_target' from command line to 'None'
[0.426s] Level 5:colcon.colcon_core.verb:set package 'sensor_fusion' build argument 'cmake_target_skip_unavailable' from command line to 'False'
[0.426s] Level 5:colcon.colcon_core.verb:set package 'sensor_fusion' build argument 'cmake_clean_cache' from command line to 'False'
[0.426s] Level 5:colcon.colcon_core.verb:set package 'sensor_fusion' build argument 'cmake_clean_first' from command line to 'False'
[0.426s] Level 5:colcon.colcon_core.verb:set package 'sensor_fusion' build argument 'cmake_force_configure' from command line to 'False'
[0.426s] Level 5:colcon.colcon_core.verb:set package 'sensor_fusion' build argument 'ament_cmake_args' from command line to 'None'
[0.426s] Level 5:colcon.colcon_core.verb:set package 'sensor_fusion' build argument 'catkin_cmake_args' from command line to 'None'
[0.426s] Level 5:colcon.colcon_core.verb:set package 'sensor_fusion' build argument 'catkin_skip_building_tests' from command line to 'False'
[0.426s] DEBUG:colcon.colcon_core.verb:Building package 'sensor_fusion' with the following arguments: {'ament_cmake_args': None, 'build_base': '/home/owais/CAS/CAS_project/build/sensor_fusion', 'catkin_cmake_args': None, 'catkin_skip_building_tests': False, 'cmake_args': None, 'cmake_clean_cache': False, 'cmake_clean_first': False, 'cmake_force_configure': False, 'cmake_target': None, 'cmake_target_skip_unavailable': False, 'install_base': '/home/owais/CAS/CAS_project/install/sensor_fusion', 'merge_install': False, 'path': '/home/owais/CAS/CAS_project/src/sensor_fusion', 'symlink_install': True, 'test_result_base': None}
[0.427s] INFO:colcon.colcon_core.executor:Executing jobs using 'parallel' executor
[0.430s] DEBUG:colcon.colcon_parallel_executor.executor.parallel:run_until_complete
[0.430s] INFO:colcon.colcon_ros.task.ament_python.build:Building ROS package in '/home/owais/CAS/CAS_project/src/bugbot_urdf_description' with build type 'ament_python'
[0.430s] Level 1:colcon.colcon_core.shell:create_environment_hook('bugbot_urdf_description', 'ament_prefix_path')
[0.436s] INFO:colcon.colcon_core.plugin_system:Skipping extension 'colcon_core.shell.bat': Not used on non-Windows systems
[0.436s] INFO:colcon.colcon_core.shell:Creating environment hook '/home/owais/CAS/CAS_project/install/bugbot_urdf_description/share/bugbot_urdf_description/hook/ament_prefix_path.ps1'
[0.437s] INFO:colcon.colcon_core.shell:Creating environment descriptor '/home/owais/CAS/CAS_project/install/bugbot_urdf_description/share/bugbot_urdf_description/hook/ament_prefix_path.dsv'
[0.438s] INFO:colcon.colcon_core.shell:Creating environment hook '/home/owais/CAS/CAS_project/install/bugbot_urdf_description/share/bugbot_urdf_description/hook/ament_prefix_path.sh'
[0.440s] INFO:colcon.colcon_core.shell:Skip shell extension 'powershell' for command environment: Not usable outside of PowerShell
[0.440s] DEBUG:colcon.colcon_core.shell:Skip shell extension 'dsv' for command environment
[0.449s] INFO:colcon.colcon_ros.task.ament_cmake.build:Building ROS package in '/home/owais/CAS/CAS_project/src/cpp_pubsub' with build type 'ament_cmake'
[0.449s] INFO:colcon.colcon_cmake.task.cmake.build:Building CMake package in '/home/owais/CAS/CAS_project/src/cpp_pubsub'
[0.450s] INFO:colcon.colcon_core.shell:Skip shell extension 'powershell' for command environment: Not usable outside of PowerShell
[0.450s] DEBUG:colcon.colcon_core.shell:Skip shell extension 'dsv' for command environment
[0.457s] INFO:colcon.colcon_ros.task.ament_python.build:Building ROS package in '/home/owais/CAS/CAS_project/src/sensor_fusion' with build type 'ament_python'
[0.457s] Level 1:colcon.colcon_core.shell:create_environment_hook('sensor_fusion', 'ament_prefix_path')
[0.460s] INFO:colcon.colcon_core.shell:Creating environment hook '/home/owais/CAS/CAS_project/install/sensor_fusion/share/sensor_fusion/hook/ament_prefix_path.ps1'
[0.461s] INFO:colcon.colcon_core.shell:Creating environment descriptor '/home/owais/CAS/CAS_project/install/sensor_fusion/share/sensor_fusion/hook/ament_prefix_path.dsv'
[0.464s] INFO:colcon.colcon_core.shell:Creating environment hook '/home/owais/CAS/CAS_project/install/sensor_fusion/share/sensor_fusion/hook/ament_prefix_path.sh'
[0.466s] INFO:colcon.colcon_core.shell:Skip shell extension 'powershell' for command environment: Not usable outside of PowerShell
[0.466s] DEBUG:colcon.colcon_core.shell:Skip shell extension 'dsv' for command environment
[0.779s] INFO:colcon.colcon_core.task.python.build:Building Python package in '/home/owais/CAS/CAS_project/src/bugbot_urdf_description'
[0.780s] INFO:colcon.colcon_core.shell:Skip shell extension 'powershell' for command environment: Not usable outside of PowerShell
[0.780s] DEBUG:colcon.colcon_core.shell:Skip shell extension 'dsv' for command environment
[0.949s] DEBUG:colcon.colcon_core.event_handler.log_command:Invoking command in '/home/owais/CAS/CAS_project/build/cpp_pubsub': /usr/bin/cmake /home/owais/CAS/CAS_project/src/cpp_pubsub -DAMENT_CMAKE_SYMLINK_INSTALL=1 -DCMAKE_INSTALL_PREFIX=/home/owais/CAS/CAS_project/install/cpp_pubsub
[1.255s] INFO:colcon.colcon_core.task.python.build:Building Python package in '/home/owais/CAS/CAS_project/src/sensor_fusion'
[1.256s] INFO:colcon.colcon_core.shell:Skip shell extension 'powershell' for command environment: Not usable outside of PowerShell
[1.256s] DEBUG:colcon.colcon_core.shell:Skip shell extension 'dsv' for command environment
[1.307s] DEBUG:colcon.colcon_core.task.python.build:While undoing a previous installation files outside the Python library path are being ignored: /home/owais/CAS/CAS_project/install/bugbot_urdf_description/share/ament_index/resource_index/packages/bugbot_urdf_description
[1.307s] DEBUG:colcon.colcon_core.task.python.build:While undoing a previous installation files outside the Python library path are being ignored: /home/owais/CAS/CAS_project/install/bugbot_urdf_description/share/bugbot_urdf_description/package.xml
[1.307s] DEBUG:colcon.colcon_core.task.python.build:While undoing a previous installation files outside the Python library path are being ignored: /home/owais/CAS/CAS_project/install/bugbot_urdf_description/share/bugbot_urdf_description/state_publisher.launch.py
[1.308s] DEBUG:colcon.colcon_core.task.python.build:While undoing a previous installation files outside the Python library path are being ignored: /home/owais/CAS/CAS_project/install/bugbot_urdf_description/share/bugbot_urdf_description/bugbot_viz.rviz2
[1.308s] DEBUG:colcon.colcon_core.task.python.build:While undoing a previous installation files outside the Python library path are being ignored: /home/owais/CAS/CAS_project/install/bugbot_urdf_description/share/bugbot_urdf_description/bugbot_description.urdf
[1.308s] DEBUG:colcon.colcon_core.task.python.build:While undoing a previous installation files outside the Python library path are being ignored: /home/owais/CAS/CAS_project/install/bugbot_urdf_description/share/bugbot_urdf_description/meshes/BugBotBody.STL
[1.308s] DEBUG:colcon.colcon_core.task.python.build:While undoing a previous installation files outside the Python library path are being ignored: /home/owais/CAS/CAS_project/install/bugbot_urdf_description/share/bugbot_urdf_description/meshes/BugBotBodyV3.STL
[1.308s] DEBUG:colcon.colcon_core.task.python.build:While undoing a previous installation files outside the Python library path are being ignored: /home/owais/CAS/CAS_project/install/bugbot_urdf_description/share/bugbot_urdf_description/meshes/Wheel.STL
[1.308s] DEBUG:colcon.colcon_core.task.python.build:While undoing a previous installation files outside the Python library path are being ignored: /home/owais/CAS/CAS_project/install/bugbot_urdf_description/lib/bugbot_urdf_description/state_publisher
[1.312s] DEBUG:colcon.colcon_core.event_handler.log_command:Invoking command in '/home/owais/CAS/CAS_project/build/bugbot_urdf_description': PYTHONPATH=/home/owais/CAS/CAS_project/install/bugbot_urdf_description/lib/python3.8/site-packages: /usr/bin/python3 setup.py develop --prefix /home/owais/CAS/CAS_project/install/bugbot_urdf_description --editable --build-directory /home/owais/CAS/CAS_project/build/bugbot_urdf_description/build --no-deps install_data --install-dir /home/owais/CAS/CAS_project/install/bugbot_urdf_description
[1.320s] DEBUG:colcon.colcon_core.task.python.build:While undoing a previous installation files outside the Python library path are being ignored: /home/owais/CAS/CAS_project/install/sensor_fusion/share/ament_index/resource_index/packages/sensor_fusion
[1.320s] DEBUG:colcon.colcon_core.task.python.build:While undoing a previous installation files outside the Python library path are being ignored: /home/owais/CAS/CAS_project/install/sensor_fusion/share/sensor_fusion/package.xml
[1.320s] DEBUG:colcon.colcon_core.task.python.build:While undoing a previous installation files outside the Python library path are being ignored: /home/owais/CAS/CAS_project/install/sensor_fusion/lib/sensor_fusion/kalman
[1.324s] DEBUG:colcon.colcon_core.event_handler.log_command:Invoking command in '/home/owais/CAS/CAS_project/build/sensor_fusion': PYTHONPATH=/home/owais/CAS/CAS_project/install/sensor_fusion/lib/python3.8/site-packages: /usr/bin/python3 setup.py develop --prefix /home/owais/CAS/CAS_project/install/sensor_fusion --editable --build-directory /home/owais/CAS/CAS_project/build/sensor_fusion/build --no-deps install_data --install-dir /home/owais/CAS/CAS_project/install/sensor_fusion
[1.447s] DEBUG:colcon.colcon_core.event_handler.log_command:Invoked command in '/home/owais/CAS/CAS_project/build/cpp_pubsub' returned '1': /usr/bin/cmake /home/owais/CAS/CAS_project/src/cpp_pubsub -DAMENT_CMAKE_SYMLINK_INSTALL=1 -DCMAKE_INSTALL_PREFIX=/home/owais/CAS/CAS_project/install/cpp_pubsub
[1.468s] Level 1:colcon.colcon_core.environment:create_environment_scripts_only(cpp_pubsub)
[1.473s] Level 1:colcon.colcon_core.environment:checking '/home/owais/CAS/CAS_project/install/cpp_pubsub' for CMake module files
[1.474s] Level 1:colcon.colcon_core.environment:checking '/home/owais/CAS/CAS_project/install/cpp_pubsub' for CMake config files
[1.474s] Level 1:colcon.colcon_core.shell:create_environment_hook('cpp_pubsub', 'cmake_prefix_path')
[1.476s] INFO:colcon.colcon_core.shell:Creating environment hook '/home/owais/CAS/CAS_project/install/cpp_pubsub/share/cpp_pubsub/hook/cmake_prefix_path.ps1'
[1.479s] INFO:colcon.colcon_core.shell:Creating environment descriptor '/home/owais/CAS/CAS_project/install/cpp_pubsub/share/cpp_pubsub/hook/cmake_prefix_path.dsv'
[1.479s] INFO:colcon.colcon_core.shell:Creating environment hook '/home/owais/CAS/CAS_project/install/cpp_pubsub/share/cpp_pubsub/hook/cmake_prefix_path.sh'
[1.480s] Level 1:colcon.colcon_core.environment:checking '/home/owais/CAS/CAS_project/install/cpp_pubsub/lib'
[1.481s] Level 1:colcon.colcon_core.environment:checking '/home/owais/CAS/CAS_project/install/cpp_pubsub/bin'
[1.481s] Level 1:colcon.colcon_core.environment:checking '/home/owais/CAS/CAS_project/install/cpp_pubsub/lib/pkgconfig/cpp_pubsub.pc'
[1.481s] Level 1:colcon.colcon_core.environment:checking '/home/owais/CAS/CAS_project/install/cpp_pubsub/lib/python3.8/site-packages'
[1.482s] INFO:colcon.colcon_core.shell:Creating package script '/home/owais/CAS/CAS_project/install/cpp_pubsub/share/cpp_pubsub/package.ps1'
[1.484s] INFO:colcon.colcon_core.shell:Creating package descriptor '/home/owais/CAS/CAS_project/install/cpp_pubsub/share/cpp_pubsub/package.dsv'
[1.485s] INFO:colcon.colcon_core.shell:Creating package script '/home/owais/CAS/CAS_project/install/cpp_pubsub/share/cpp_pubsub/package.sh'
[1.487s] INFO:colcon.colcon_core.shell:Creating package script '/home/owais/CAS/CAS_project/install/cpp_pubsub/share/cpp_pubsub/package.bash'
[1.488s] INFO:colcon.colcon_core.shell:Creating package script '/home/owais/CAS/CAS_project/install/cpp_pubsub/share/cpp_pubsub/package.zsh'
[1.490s] Level 1:colcon.colcon_core.environment:create_file_with_runtime_dependencies(/home/owais/CAS/CAS_project/install/cpp_pubsub/share/colcon-core/packages/cpp_pubsub)
[2.014s] DEBUG:colcon.colcon_parallel_executor.executor.parallel:closing loop
[2.014s] DEBUG:colcon.colcon_parallel_executor.executor.parallel:loop closed
[2.015s] DEBUG:colcon.colcon_parallel_executor.executor.parallel:run_until_complete finished with '1'
[2.015s] DEBUG:colcon.colcon_core.event_reactor:joining thread
[2.027s] INFO:colcon.colcon_core.plugin_system:Skipping extension 'colcon_notification.desktop_notification.terminal_notifier': Not used on non-Darwin systems
[2.027s] INFO:colcon.colcon_core.plugin_system:Skipping extension 'colcon_notification.desktop_notification.win32': Not used on non-Windows systems
[2.027s] INFO:colcon.colcon_notification.desktop_notification:Sending desktop notification using 'notify2'
[2.053s] DEBUG:colcon.colcon_core.event_reactor:joined thread
[2.054s] INFO:colcon.colcon_core.shell:Creating prefix script '/home/owais/CAS/CAS_project/install/local_setup.ps1'
[2.056s] INFO:colcon.colcon_core.shell:Creating prefix util module '/home/owais/CAS/CAS_project/install/_local_setup_util_ps1.py'
[2.059s] INFO:colcon.colcon_core.shell:Creating prefix chain script '/home/owais/CAS/CAS_project/install/setup.ps1'
[2.063s] INFO:colcon.colcon_core.shell:Creating prefix script '/home/owais/CAS/CAS_project/install/local_setup.sh'
[2.064s] INFO:colcon.colcon_core.shell:Creating prefix util module '/home/owais/CAS/CAS_project/install/_local_setup_util_sh.py'
[2.064s] INFO:colcon.colcon_core.shell:Creating prefix chain script '/home/owais/CAS/CAS_project/install/setup.sh'
[2.071s] INFO:colcon.colcon_core.shell:Creating prefix script '/home/owais/CAS/CAS_project/install/local_setup.bash'
[2.072s] INFO:colcon.colcon_core.shell:Creating prefix chain script '/home/owais/CAS/CAS_project/install/setup.bash'
[2.076s] INFO:colcon.colcon_core.shell:Creating prefix script '/home/owais/CAS/CAS_project/install/local_setup.zsh'
[2.077s] INFO:colcon.colcon_core.shell:Creating prefix chain script '/home/owais/CAS/CAS_project/install/setup.zsh'
