[0.788s] Invoking command in '/home/owais/CAS/CAS_project/build/cpp_pubsub': /usr/bin/cmake --build /home/owais/CAS/CAS_project/build/cpp_pubsub -- -j4 -l4
[1.501s] [ 50%] Built target listener
[1.502s] [100%] Built target talker
[1.506s] Invoked command in '/home/owais/CAS/CAS_project/build/cpp_pubsub' returned '0': /usr/bin/cmake --build /home/owais/CAS/CAS_project/build/cpp_pubsub -- -j4 -l4
[1.624s] Invoking command in '/home/owais/CAS/CAS_project/build/cpp_pubsub': /usr/bin/cmake --install /home/owais/CAS/CAS_project/build/cpp_pubsub
[1.651s] -- Install configuration: ""
[1.662s] -- Up-to-date: /home/owais/CAS/CAS_project/install/cpp_pubsub/lib/cpp_pubsub/talker
[1.663s] -- Up-to-date: /home/owais/CAS/CAS_project/install/cpp_pubsub/lib/cpp_pubsub/listener
[1.663s] -- Up-to-date: /home/owais/CAS/CAS_project/install/cpp_pubsub/share/ament_index/resource_index/package_run_dependencies/cpp_pubsub
[1.664s] -- Up-to-date: /home/owais/CAS/CAS_project/install/cpp_pubsub/share/ament_index/resource_index/parent_prefix_path/cpp_pubsub
[1.664s] -- Up-to-date: /home/owais/CAS/CAS_project/install/cpp_pubsub/share/cpp_pubsub/environment/ament_prefix_path.sh
[1.664s] -- Up-to-date: /home/owais/CAS/CAS_project/install/cpp_pubsub/share/cpp_pubsub/environment/ament_prefix_path.dsv
[1.665s] -- Up-to-date: /home/owais/CAS/CAS_project/install/cpp_pubsub/share/cpp_pubsub/environment/path.sh
[1.665s] -- Up-to-date: /home/owais/CAS/CAS_project/install/cpp_pubsub/share/cpp_pubsub/environment/path.dsv
[1.665s] -- Up-to-date: /home/owais/CAS/CAS_project/install/cpp_pubsub/share/cpp_pubsub/local_setup.bash
[1.666s] -- Up-to-date: /home/owais/CAS/CAS_project/install/cpp_pubsub/share/cpp_pubsub/local_setup.sh
[1.666s] -- Up-to-date: /home/owais/CAS/CAS_project/install/cpp_pubsub/share/cpp_pubsub/local_setup.zsh
[1.666s] -- Up-to-date: /home/owais/CAS/CAS_project/install/cpp_pubsub/share/cpp_pubsub/local_setup.dsv
[1.667s] -- Installing: /home/owais/CAS/CAS_project/install/cpp_pubsub/share/cpp_pubsub/package.dsv
[1.671s] -- Up-to-date: /home/owais/CAS/CAS_project/install/cpp_pubsub/share/ament_index/resource_index/packages/cpp_pubsub
[1.671s] -- Up-to-date: /home/owais/CAS/CAS_project/install/cpp_pubsub/share/cpp_pubsub/cmake/cpp_pubsubConfig.cmake
[1.672s] -- Up-to-date: /home/owais/CAS/CAS_project/install/cpp_pubsub/share/cpp_pubsub/cmake/cpp_pubsubConfig-version.cmake
[1.672s] -- Up-to-date: /home/owais/CAS/CAS_project/install/cpp_pubsub/share/cpp_pubsub/package.xml
[1.674s] Invoked command in '/home/owais/CAS/CAS_project/build/cpp_pubsub' returned '0': /usr/bin/cmake --install /home/owais/CAS/CAS_project/build/cpp_pubsub
