[0.772s] Invoking command in '/home/owais/CAS/CAS_project/src/bugbot_urdf_description': PYTHONPATH=/home/owais/CAS/CAS_project/install/bugbot_urdf_description/lib/python3.8/site-packages:${PYTHONPATH} /usr/bin/python3 setup.py egg_info --egg-base ../../build/bugbot_urdf_description build --build-base /home/owais/CAS/CAS_project/build/bugbot_urdf_description/build install --prefix /home/owais/CAS/CAS_project/install/bugbot_urdf_description --record /home/owais/CAS/CAS_project/build/bugbot_urdf_description/install.log --single-version-externally-managed
[1.107s] running egg_info
[1.108s] writing ../../build/bugbot_urdf_description/bugbot_urdf_description.egg-info/PKG-INFO
[1.108s] writing dependency_links to ../../build/bugbot_urdf_description/bugbot_urdf_description.egg-info/dependency_links.txt
[1.108s] writing entry points to ../../build/bugbot_urdf_description/bugbot_urdf_description.egg-info/entry_points.txt
[1.109s] writing requirements to ../../build/bugbot_urdf_description/bugbot_urdf_description.egg-info/requires.txt
[1.109s] writing top-level names to ../../build/bugbot_urdf_description/bugbot_urdf_description.egg-info/top_level.txt
[1.172s] reading manifest file '../../build/bugbot_urdf_description/bugbot_urdf_description.egg-info/SOURCES.txt'
[1.174s] writing manifest file '../../build/bugbot_urdf_description/bugbot_urdf_description.egg-info/SOURCES.txt'
[1.175s] running build
[1.175s] running build_py
[1.175s] running install
[1.177s] running install_lib
[1.179s] running install_data
[1.181s] running install_egg_info
[1.183s] removing '/home/owais/CAS/CAS_project/install/bugbot_urdf_description/lib/python3.8/site-packages/bugbot_urdf_description-0.0.0-py3.8.egg-info' (and everything under it)
[1.184s] Copying ../../build/bugbot_urdf_description/bugbot_urdf_description.egg-info to /home/owais/CAS/CAS_project/install/bugbot_urdf_description/lib/python3.8/site-packages/bugbot_urdf_description-0.0.0-py3.8.egg-info
[1.185s] running install_scripts
[1.215s] Installing state_publisher script to /home/owais/CAS/CAS_project/install/bugbot_urdf_description/lib/bugbot_urdf_description
[1.215s] writing list of installed files to '/home/owais/CAS/CAS_project/build/bugbot_urdf_description/install.log'
[1.258s] Invoked command in '/home/owais/CAS/CAS_project/src/bugbot_urdf_description' returned '0': PYTHONPATH=/home/owais/CAS/CAS_project/install/bugbot_urdf_description/lib/python3.8/site-packages:${PYTHONPATH} /usr/bin/python3 setup.py egg_info --egg-base ../../build/bugbot_urdf_description build --build-base /home/owais/CAS/CAS_project/build/bugbot_urdf_description/build install --prefix /home/owais/CAS/CAS_project/install/bugbot_urdf_description --record /home/owais/CAS/CAS_project/build/bugbot_urdf_description/install.log --single-version-externally-managed
