[0.796s] Invoking command in '/home/owais/CAS/CAS_project/build/cpp_pubsub': CMAKE_PREFIX_PATH=/opt/ros/foxy /usr/bin/cmake --build /home/owais/CAS/CAS_project/build/cpp_pubsub -- -j4 -l4
[1.531s] [ 50%] Built target talker
[1.532s] [100%] Built target listener
[1.574s] Invoked command in '/home/owais/CAS/CAS_project/build/cpp_pubsub' returned '0': CMAKE_PREFIX_PATH=/opt/ros/foxy /usr/bin/cmake --build /home/owais/CAS/CAS_project/build/cpp_pubsub -- -j4 -l4
[1.688s] Invoking command in '/home/owais/CAS/CAS_project/build/cpp_pubsub': CMAKE_PREFIX_PATH=/opt/ros/foxy /usr/bin/cmake --install /home/owais/CAS/CAS_project/build/cpp_pubsub
[1.714s] -- Install configuration: ""
[1.717s] -- Up-to-date: /home/owais/CAS/CAS_project/install/cpp_pubsub/lib/cpp_pubsub/talker
[1.718s] -- Up-to-date: /home/owais/CAS/CAS_project/install/cpp_pubsub/lib/cpp_pubsub/listener
[1.718s] -- Up-to-date: /home/owais/CAS/CAS_project/install/cpp_pubsub/share/ament_index/resource_index/package_run_dependencies/cpp_pubsub
[1.719s] -- Up-to-date: /home/owais/CAS/CAS_project/install/cpp_pubsub/share/ament_index/resource_index/parent_prefix_path/cpp_pubsub
[1.720s] -- Up-to-date: /home/owais/CAS/CAS_project/install/cpp_pubsub/share/cpp_pubsub/environment/ament_prefix_path.sh
[1.720s] -- Up-to-date: /home/owais/CAS/CAS_project/install/cpp_pubsub/share/cpp_pubsub/environment/ament_prefix_path.dsv
[1.721s] -- Up-to-date: /home/owais/CAS/CAS_project/install/cpp_pubsub/share/cpp_pubsub/environment/path.sh
[1.721s] -- Up-to-date: /home/owais/CAS/CAS_project/install/cpp_pubsub/share/cpp_pubsub/environment/path.dsv
[1.722s] -- Up-to-date: /home/owais/CAS/CAS_project/install/cpp_pubsub/share/cpp_pubsub/local_setup.bash
[1.722s] -- Up-to-date: /home/owais/CAS/CAS_project/install/cpp_pubsub/share/cpp_pubsub/local_setup.sh
[1.723s] -- Up-to-date: /home/owais/CAS/CAS_project/install/cpp_pubsub/share/cpp_pubsub/local_setup.zsh
[1.724s] -- Up-to-date: /home/owais/CAS/CAS_project/install/cpp_pubsub/share/cpp_pubsub/local_setup.dsv
[1.724s] -- Installing: /home/owais/CAS/CAS_project/install/cpp_pubsub/share/cpp_pubsub/package.dsv
[1.725s] -- Up-to-date: /home/owais/CAS/CAS_project/install/cpp_pubsub/share/ament_index/resource_index/packages/cpp_pubsub
[1.726s] -- Up-to-date: /home/owais/CAS/CAS_project/install/cpp_pubsub/share/cpp_pubsub/cmake/cpp_pubsubConfig.cmake
[1.726s] -- Up-to-date: /home/owais/CAS/CAS_project/install/cpp_pubsub/share/cpp_pubsub/cmake/cpp_pubsubConfig-version.cmake
[1.727s] -- Up-to-date: /home/owais/CAS/CAS_project/install/cpp_pubsub/share/cpp_pubsub/package.xml
[1.734s] Invoked command in '/home/owais/CAS/CAS_project/build/cpp_pubsub' returned '0': CMAKE_PREFIX_PATH=/opt/ros/foxy /usr/bin/cmake --install /home/owais/CAS/CAS_project/build/cpp_pubsub
