[0.741s] Invoking command in '/home/owais/CAS/CAS_project/src/bugbot_urdf_description': PYTHONPATH=/home/owais/CAS/CAS_project/install/bugbot_urdf_description/lib/python3.8/site-packages:${PYTHONPATH} /usr/bin/python3 setup.py egg_info --egg-base ../../build/bugbot_urdf_description build --build-base /home/owais/CAS/CAS_project/build/bugbot_urdf_description/build install --prefix /home/owais/CAS/CAS_project/install/bugbot_urdf_description --record /home/owais/CAS/CAS_project/build/bugbot_urdf_description/install.log --single-version-externally-managed
[1.062s] running egg_info
[1.062s] writing ../../build/bugbot_urdf_description/bugbot_urdf_description.egg-info/PKG-INFO
[1.063s] writing dependency_links to ../../build/bugbot_urdf_description/bugbot_urdf_description.egg-info/dependency_links.txt
[1.063s] writing entry points to ../../build/bugbot_urdf_description/bugbot_urdf_description.egg-info/entry_points.txt
[1.064s] writing requirements to ../../build/bugbot_urdf_description/bugbot_urdf_description.egg-info/requires.txt
[1.064s] writing top-level names to ../../build/bugbot_urdf_description/bugbot_urdf_description.egg-info/top_level.txt
[1.124s] reading manifest file '../../build/bugbot_urdf_description/bugbot_urdf_description.egg-info/SOURCES.txt'
[1.126s] writing manifest file '../../build/bugbot_urdf_description/bugbot_urdf_description.egg-info/SOURCES.txt'
[1.127s] running build
[1.127s] running build_py
[1.127s] running install
[1.128s] running install_lib
[1.130s] running install_data
[1.131s] running install_egg_info
[1.143s] removing '/home/owais/CAS/CAS_project/install/bugbot_urdf_description/lib/python3.8/site-packages/bugbot_urdf_description-0.0.0-py3.8.egg-info' (and everything under it)
[1.143s] Copying ../../build/bugbot_urdf_description/bugbot_urdf_description.egg-info to /home/owais/CAS/CAS_project/install/bugbot_urdf_description/lib/python3.8/site-packages/bugbot_urdf_description-0.0.0-py3.8.egg-info
[1.143s] running install_scripts
[1.161s] Installing state_publisher script to /home/owais/CAS/CAS_project/install/bugbot_urdf_description/lib/bugbot_urdf_description
[1.162s] writing list of installed files to '/home/owais/CAS/CAS_project/build/bugbot_urdf_description/install.log'
[1.200s] Invoked command in '/home/owais/CAS/CAS_project/src/bugbot_urdf_description' returned '0': PYTHONPATH=/home/owais/CAS/CAS_project/install/bugbot_urdf_description/lib/python3.8/site-packages:${PYTHONPATH} /usr/bin/python3 setup.py egg_info --egg-base ../../build/bugbot_urdf_description build --build-base /home/owais/CAS/CAS_project/build/bugbot_urdf_description/build install --prefix /home/owais/CAS/CAS_project/install/bugbot_urdf_description --record /home/owais/CAS/CAS_project/build/bugbot_urdf_description/install.log --single-version-externally-managed
