[0.574s] DEBUG:colcon:Command line arguments: ['/usr/bin/colcon', 'build']
[0.575s] DEBUG:colcon:Parsed command line arguments: Namespace(ament_cmake_args=None, base_paths=['.'], build_base='build', catkin_cmake_args=None, catkin_skip_building_tests=False, cmake_args=None, cmake_clean_cache=False, cmake_clean_first=False, cmake_force_configure=False, cmake_target=None, cmake_target_skip_unavailable=False, continue_on_error=False, event_handlers=None, executor='parallel', ignore_user_meta=False, install_base='install', log_base=None, log_level=None, main=<bound method BuildVerb.main of <colcon_core.verb.build.BuildVerb object at 0x7f6ef826b1f0>>, merge_install=False, metas=['./colcon.meta'], packages_above=None, packages_above_and_dependencies=None, packages_above_depth=None, packages_end=None, packages_ignore=None, packages_ignore_regex=None, packages_select=None, packages_select_build_failed=False, packages_select_by_dep=None, packages_select_regex=None, packages_select_test_failures=False, packages_skip=None, packages_skip_build_finished=False, packages_skip_by_dep=None, packages_skip_regex=None, packages_skip_test_passed=False, packages_skip_up_to=None, packages_start=None, packages_up_to=None, packages_up_to_regex=None, parallel_workers=4, paths=None, symlink_install=False, test_result_base=None, verb_extension=<colcon_core.verb.build.BuildVerb object at 0x7f6ef826b1f0>, verb_name='build', verb_parser=<colcon_defaults.argument_parser.defaults.DefaultArgumentsDecorator object at 0x7f6ef826b730>)
[0.594s] Level 1:colcon.colcon_core.package_discovery:discover_packages(colcon_meta) check parameters
[0.595s] Level 1:colcon.colcon_core.package_discovery:discover_packages(recursive) check parameters
[0.595s] Level 1:colcon.colcon_core.package_discovery:discover_packages(ignore) check parameters
[0.595s] Level 1:colcon.colcon_core.package_discovery:discover_packages(path) check parameters
[0.595s] Level 1:colcon.colcon_core.package_discovery:discover_packages(colcon_meta) discover
[0.595s] Level 1:colcon.colcon_core.package_discovery:discover_packages(recursive) discover
[0.595s] INFO:colcon.colcon_core.package_discovery:Crawling recursively for packages in '/home/owais/CAS/CAS_project'
[0.596s] Level 1:colcon.colcon_core.package_identification:_identify(.) by extensions ['ignore', 'ignore_ament_install']
[0.597s] Level 1:colcon.colcon_core.package_identification:_identify(.) by extension 'ignore'
[0.597s] Level 1:colcon.colcon_core.package_identification:_identify(.) by extension 'ignore_ament_install'
[0.597s] Level 1:colcon.colcon_core.package_identification:_identify(.) by extensions ['colcon_pkg']
[0.598s] Level 1:colcon.colcon_core.package_identification:_identify(.) by extension 'colcon_pkg'
[0.598s] Level 1:colcon.colcon_core.package_identification:_identify(.) by extensions ['colcon_meta']
[0.598s] Level 1:colcon.colcon_core.package_identification:_identify(.) by extension 'colcon_meta'
[0.598s] Level 1:colcon.colcon_core.package_identification:_identify(.) by extensions ['ros']
[0.598s] Level 1:colcon.colcon_core.package_identification:_identify(.) by extension 'ros'
[0.639s] Level 1:colcon.colcon_core.package_identification:_identify(.) by extensions ['cmake', 'python']
[0.640s] Level 1:colcon.colcon_core.package_identification:_identify(.) by extension 'cmake'
[0.640s] Level 1:colcon.colcon_core.package_identification:_identify(.) by extension 'python'
[0.640s] Level 1:colcon.colcon_core.package_identification:_identify(.) by extensions ['python_setup_py']
[0.640s] Level 1:colcon.colcon_core.package_identification:_identify(.) by extension 'python_setup_py'
[0.641s] Level 1:colcon.colcon_core.package_identification:_identify(build) by extensions ['ignore', 'ignore_ament_install']
[0.641s] Level 1:colcon.colcon_core.package_identification:_identify(build) by extension 'ignore'
[0.641s] Level 1:colcon.colcon_core.package_identification:_identify(build) ignored
[0.643s] Level 1:colcon.colcon_core.package_identification:_identify(install) by extensions ['ignore', 'ignore_ament_install']
[0.643s] Level 1:colcon.colcon_core.package_identification:_identify(install) by extension 'ignore'
[0.643s] Level 1:colcon.colcon_core.package_identification:_identify(install) ignored
[0.643s] Level 1:colcon.colcon_core.package_identification:_identify(log) by extensions ['ignore', 'ignore_ament_install']
[0.644s] Level 1:colcon.colcon_core.package_identification:_identify(log) by extension 'ignore'
[0.644s] Level 1:colcon.colcon_core.package_identification:_identify(log) ignored
[0.644s] Level 1:colcon.colcon_core.package_identification:_identify(src) by extensions ['ignore', 'ignore_ament_install']
[0.645s] Level 1:colcon.colcon_core.package_identification:_identify(src) by extension 'ignore'
[0.645s] Level 1:colcon.colcon_core.package_identification:_identify(src) by extension 'ignore_ament_install'
[0.645s] Level 1:colcon.colcon_core.package_identification:_identify(src) by extensions ['colcon_pkg']
[0.645s] Level 1:colcon.colcon_core.package_identification:_identify(src) by extension 'colcon_pkg'
[0.646s] Level 1:colcon.colcon_core.package_identification:_identify(src) by extensions ['colcon_meta']
[0.646s] Level 1:colcon.colcon_core.package_identification:_identify(src) by extension 'colcon_meta'
[0.646s] Level 1:colcon.colcon_core.package_identification:_identify(src) by extensions ['ros']
[0.646s] Level 1:colcon.colcon_core.package_identification:_identify(src) by extension 'ros'
[0.647s] Level 1:colcon.colcon_core.package_identification:_identify(src) by extensions ['cmake', 'python']
[0.647s] Level 1:colcon.colcon_core.package_identification:_identify(src) by extension 'cmake'
[0.647s] Level 1:colcon.colcon_core.package_identification:_identify(src) by extension 'python'
[0.647s] Level 1:colcon.colcon_core.package_identification:_identify(src) by extensions ['python_setup_py']
[0.647s] Level 1:colcon.colcon_core.package_identification:_identify(src) by extension 'python_setup_py'
[0.648s] Level 1:colcon.colcon_core.package_identification:_identify(src/MPC_controller) by extensions ['ignore', 'ignore_ament_install']
[0.648s] Level 1:colcon.colcon_core.package_identification:_identify(src/MPC_controller) by extension 'ignore'
[0.649s] Level 1:colcon.colcon_core.package_identification:_identify(src/MPC_controller) by extension 'ignore_ament_install'
[0.649s] Level 1:colcon.colcon_core.package_identification:_identify(src/MPC_controller) by extensions ['colcon_pkg']
[0.649s] Level 1:colcon.colcon_core.package_identification:_identify(src/MPC_controller) by extension 'colcon_pkg'
[0.649s] Level 1:colcon.colcon_core.package_identification:_identify(src/MPC_controller) by extensions ['colcon_meta']
[0.649s] Level 1:colcon.colcon_core.package_identification:_identify(src/MPC_controller) by extension 'colcon_meta'
[0.650s] Level 1:colcon.colcon_core.package_identification:_identify(src/MPC_controller) by extensions ['ros']
[0.650s] Level 1:colcon.colcon_core.package_identification:_identify(src/MPC_controller) by extension 'ros'
[0.650s] Level 1:colcon.colcon_core.package_identification:_identify(src/MPC_controller) by extensions ['cmake', 'python']
[0.651s] Level 1:colcon.colcon_core.package_identification:_identify(src/MPC_controller) by extension 'cmake'
[0.651s] Level 1:colcon.colcon_core.package_identification:_identify(src/MPC_controller) by extension 'python'
[0.651s] Level 1:colcon.colcon_core.package_identification:_identify(src/MPC_controller) by extensions ['python_setup_py']
[0.651s] Level 1:colcon.colcon_core.package_identification:_identify(src/MPC_controller) by extension 'python_setup_py'
[0.651s] Level 1:colcon.colcon_core.package_identification:_identify(src/bugbot_urdf_description) by extensions ['ignore', 'ignore_ament_install']
[0.652s] Level 1:colcon.colcon_core.package_identification:_identify(src/bugbot_urdf_description) by extension 'ignore'
[0.652s] Level 1:colcon.colcon_core.package_identification:_identify(src/bugbot_urdf_description) by extension 'ignore_ament_install'
[0.652s] Level 1:colcon.colcon_core.package_identification:_identify(src/bugbot_urdf_description) by extensions ['colcon_pkg']
[0.652s] Level 1:colcon.colcon_core.package_identification:_identify(src/bugbot_urdf_description) by extension 'colcon_pkg'
[0.653s] Level 1:colcon.colcon_core.package_identification:_identify(src/bugbot_urdf_description) by extensions ['colcon_meta']
[0.653s] Level 1:colcon.colcon_core.package_identification:_identify(src/bugbot_urdf_description) by extension 'colcon_meta'
[0.653s] Level 1:colcon.colcon_core.package_identification:_identify(src/bugbot_urdf_description) by extensions ['ros']
[0.653s] Level 1:colcon.colcon_core.package_identification:_identify(src/bugbot_urdf_description) by extension 'ros'
[0.662s] DEBUG:colcon.colcon_core.package_identification:Package 'src/bugbot_urdf_description' with type 'ros.ament_python' and name 'bugbot_urdf_description'
[0.662s] Level 1:colcon.colcon_core.package_identification:_identify(src/cpp_pubsub) by extensions ['ignore', 'ignore_ament_install']
[0.663s] Level 1:colcon.colcon_core.package_identification:_identify(src/cpp_pubsub) by extension 'ignore'
[0.663s] Level 1:colcon.colcon_core.package_identification:_identify(src/cpp_pubsub) by extension 'ignore_ament_install'
[0.663s] Level 1:colcon.colcon_core.package_identification:_identify(src/cpp_pubsub) by extensions ['colcon_pkg']
[0.663s] Level 1:colcon.colcon_core.package_identification:_identify(src/cpp_pubsub) by extension 'colcon_pkg'
[0.664s] Level 1:colcon.colcon_core.package_identification:_identify(src/cpp_pubsub) by extensions ['colcon_meta']
[0.664s] Level 1:colcon.colcon_core.package_identification:_identify(src/cpp_pubsub) by extension 'colcon_meta'
[0.664s] Level 1:colcon.colcon_core.package_identification:_identify(src/cpp_pubsub) by extensions ['ros']
[0.664s] Level 1:colcon.colcon_core.package_identification:_identify(src/cpp_pubsub) by extension 'ros'
[0.666s] DEBUG:colcon.colcon_core.package_identification:Package 'src/cpp_pubsub' with type 'ros.ament_cmake' and name 'cpp_pubsub'
[0.666s] Level 1:colcon.colcon_core.package_identification:_identify(src/sensorfusion) by extensions ['ignore', 'ignore_ament_install']
[0.667s] Level 1:colcon.colcon_core.package_identification:_identify(src/sensorfusion) by extension 'ignore'
[0.667s] Level 1:colcon.colcon_core.package_identification:_identify(src/sensorfusion) by extension 'ignore_ament_install'
[0.667s] Level 1:colcon.colcon_core.package_identification:_identify(src/sensorfusion) by extensions ['colcon_pkg']
[0.667s] Level 1:colcon.colcon_core.package_identification:_identify(src/sensorfusion) by extension 'colcon_pkg'
[0.668s] Level 1:colcon.colcon_core.package_identification:_identify(src/sensorfusion) by extensions ['colcon_meta']
[0.668s] Level 1:colcon.colcon_core.package_identification:_identify(src/sensorfusion) by extension 'colcon_meta'
[0.668s] Level 1:colcon.colcon_core.package_identification:_identify(src/sensorfusion) by extensions ['ros']
[0.668s] Level 1:colcon.colcon_core.package_identification:_identify(src/sensorfusion) by extension 'ros'
[0.671s] DEBUG:colcon.colcon_core.package_identification:Package 'src/sensorfusion' with type 'ros.ament_python' and name 'sensorfusion'
[0.671s] Level 1:colcon.colcon_core.package_discovery:discover_packages(recursive) using defaults
[0.671s] Level 1:colcon.colcon_core.package_discovery:discover_packages(ignore) discover
[0.671s] Level 1:colcon.colcon_core.package_discovery:discover_packages(ignore) using defaults
[0.671s] Level 1:colcon.colcon_core.package_discovery:discover_packages(path) discover
[0.671s] Level 1:colcon.colcon_core.package_discovery:discover_packages(path) using defaults
[0.743s] Level 5:colcon.colcon_core.verb:set package 'bugbot_urdf_description' build argument 'cmake_args' from command line to 'None'
[0.743s] Level 5:colcon.colcon_core.verb:set package 'bugbot_urdf_description' build argument 'cmake_target' from command line to 'None'
[0.743s] Level 5:colcon.colcon_core.verb:set package 'bugbot_urdf_description' build argument 'cmake_target_skip_unavailable' from command line to 'False'
[0.743s] Level 5:colcon.colcon_core.verb:set package 'bugbot_urdf_description' build argument 'cmake_clean_cache' from command line to 'False'
[0.743s] Level 5:colcon.colcon_core.verb:set package 'bugbot_urdf_description' build argument 'cmake_clean_first' from command line to 'False'
[0.743s] Level 5:colcon.colcon_core.verb:set package 'bugbot_urdf_description' build argument 'cmake_force_configure' from command line to 'False'
[0.744s] Level 5:colcon.colcon_core.verb:set package 'bugbot_urdf_description' build argument 'ament_cmake_args' from command line to 'None'
[0.744s] Level 5:colcon.colcon_core.verb:set package 'bugbot_urdf_description' build argument 'catkin_cmake_args' from command line to 'None'
[0.744s] Level 5:colcon.colcon_core.verb:set package 'bugbot_urdf_description' build argument 'catkin_skip_building_tests' from command line to 'False'
[0.744s] DEBUG:colcon.colcon_core.verb:Building package 'bugbot_urdf_description' with the following arguments: {'ament_cmake_args': None, 'build_base': '/home/owais/CAS/CAS_project/build/bugbot_urdf_description', 'catkin_cmake_args': None, 'catkin_skip_building_tests': False, 'cmake_args': None, 'cmake_clean_cache': False, 'cmake_clean_first': False, 'cmake_force_configure': False, 'cmake_target': None, 'cmake_target_skip_unavailable': False, 'install_base': '/home/owais/CAS/CAS_project/install/bugbot_urdf_description', 'merge_install': False, 'path': '/home/owais/CAS/CAS_project/src/bugbot_urdf_description', 'symlink_install': False, 'test_result_base': None}
[0.754s] Level 5:colcon.colcon_core.verb:set package 'cpp_pubsub' build argument 'cmake_args' from command line to 'None'
[0.755s] Level 5:colcon.colcon_core.verb:set package 'cpp_pubsub' build argument 'cmake_target' from command line to 'None'
[0.755s] Level 5:colcon.colcon_core.verb:set package 'cpp_pubsub' build argument 'cmake_target_skip_unavailable' from command line to 'False'
[0.755s] Level 5:colcon.colcon_core.verb:set package 'cpp_pubsub' build argument 'cmake_clean_cache' from command line to 'False'
[0.755s] Level 5:colcon.colcon_core.verb:set package 'cpp_pubsub' build argument 'cmake_clean_first' from command line to 'False'
[0.755s] Level 5:colcon.colcon_core.verb:set package 'cpp_pubsub' build argument 'cmake_force_configure' from command line to 'False'
[0.756s] Level 5:colcon.colcon_core.verb:set package 'cpp_pubsub' build argument 'ament_cmake_args' from command line to 'None'
[0.756s] Level 5:colcon.colcon_core.verb:set package 'cpp_pubsub' build argument 'catkin_cmake_args' from command line to 'None'
[0.756s] Level 5:colcon.colcon_core.verb:set package 'cpp_pubsub' build argument 'catkin_skip_building_tests' from command line to 'False'
[0.756s] DEBUG:colcon.colcon_core.verb:Building package 'cpp_pubsub' with the following arguments: {'ament_cmake_args': None, 'build_base': '/home/owais/CAS/CAS_project/build/cpp_pubsub', 'catkin_cmake_args': None, 'catkin_skip_building_tests': False, 'cmake_args': None, 'cmake_clean_cache': False, 'cmake_clean_first': False, 'cmake_force_configure': False, 'cmake_target': None, 'cmake_target_skip_unavailable': False, 'install_base': '/home/owais/CAS/CAS_project/install/cpp_pubsub', 'merge_install': False, 'path': '/home/owais/CAS/CAS_project/src/cpp_pubsub', 'symlink_install': False, 'test_result_base': None}
[0.766s] Level 5:colcon.colcon_core.verb:set package 'sensorfusion' build argument 'cmake_args' from command line to 'None'
[0.767s] Level 5:colcon.colcon_core.verb:set package 'sensorfusion' build argument 'cmake_target' from command line to 'None'
[0.767s] Level 5:colcon.colcon_core.verb:set package 'sensorfusion' build argument 'cmake_target_skip_unavailable' from command line to 'False'
[0.767s] Level 5:colcon.colcon_core.verb:set package 'sensorfusion' build argument 'cmake_clean_cache' from command line to 'False'
[0.767s] Level 5:colcon.colcon_core.verb:set package 'sensorfusion' build argument 'cmake_clean_first' from command line to 'False'
[0.767s] Level 5:colcon.colcon_core.verb:set package 'sensorfusion' build argument 'cmake_force_configure' from command line to 'False'
[0.767s] Level 5:colcon.colcon_core.verb:set package 'sensorfusion' build argument 'ament_cmake_args' from command line to 'None'
[0.767s] Level 5:colcon.colcon_core.verb:set package 'sensorfusion' build argument 'catkin_cmake_args' from command line to 'None'
[0.767s] Level 5:colcon.colcon_core.verb:set package 'sensorfusion' build argument 'catkin_skip_building_tests' from command line to 'False'
[0.768s] DEBUG:colcon.colcon_core.verb:Building package 'sensorfusion' with the following arguments: {'ament_cmake_args': None, 'build_base': '/home/owais/CAS/CAS_project/build/sensorfusion', 'catkin_cmake_args': None, 'catkin_skip_building_tests': False, 'cmake_args': None, 'cmake_clean_cache': False, 'cmake_clean_first': False, 'cmake_force_configure': False, 'cmake_target': None, 'cmake_target_skip_unavailable': False, 'install_base': '/home/owais/CAS/CAS_project/install/sensorfusion', 'merge_install': False, 'path': '/home/owais/CAS/CAS_project/src/sensorfusion', 'symlink_install': False, 'test_result_base': None}
[0.769s] INFO:colcon.colcon_core.executor:Executing jobs using 'parallel' executor
[0.776s] DEBUG:colcon.colcon_parallel_executor.executor.parallel:run_until_complete
[0.777s] INFO:colcon.colcon_ros.task.ament_python.build:Building ROS package in '/home/owais/CAS/CAS_project/src/bugbot_urdf_description' with build type 'ament_python'
[0.777s] Level 1:colcon.colcon_core.shell:create_environment_hook('bugbot_urdf_description', 'ament_prefix_path')
[0.788s] INFO:colcon.colcon_core.plugin_system:Skipping extension 'colcon_core.shell.bat': Not used on non-Windows systems
[0.789s] INFO:colcon.colcon_core.shell:Creating environment hook '/home/owais/CAS/CAS_project/install/bugbot_urdf_description/share/bugbot_urdf_description/hook/ament_prefix_path.ps1'
[0.792s] INFO:colcon.colcon_core.shell:Creating environment descriptor '/home/owais/CAS/CAS_project/install/bugbot_urdf_description/share/bugbot_urdf_description/hook/ament_prefix_path.dsv'
[0.793s] INFO:colcon.colcon_core.shell:Creating environment hook '/home/owais/CAS/CAS_project/install/bugbot_urdf_description/share/bugbot_urdf_description/hook/ament_prefix_path.sh'
[0.800s] INFO:colcon.colcon_core.shell:Skip shell extension 'powershell' for command environment: Not usable outside of PowerShell
[0.801s] DEBUG:colcon.colcon_core.shell:Skip shell extension 'dsv' for command environment
[0.809s] DEBUG:colcon.colcon_core.shell:Ignoring prefix path '/opt/ros/foxy'
[0.816s] INFO:colcon.colcon_ros.task.ament_cmake.build:Building ROS package in '/home/owais/CAS/CAS_project/src/cpp_pubsub' with build type 'ament_cmake'
[0.818s] INFO:colcon.colcon_cmake.task.cmake.build:Building CMake package in '/home/owais/CAS/CAS_project/src/cpp_pubsub'
[0.820s] INFO:colcon.colcon_core.shell:Skip shell extension 'powershell' for command environment: Not usable outside of PowerShell
[0.820s] DEBUG:colcon.colcon_core.shell:Skip shell extension 'dsv' for command environment
[0.834s] DEBUG:colcon.colcon_core.shell:Ignoring prefix path '/opt/ros/foxy'
[0.841s] INFO:colcon.colcon_ros.task.ament_python.build:Building ROS package in '/home/owais/CAS/CAS_project/src/sensorfusion' with build type 'ament_python'
[0.843s] Level 1:colcon.colcon_core.shell:create_environment_hook('sensorfusion', 'ament_prefix_path')
[0.847s] INFO:colcon.colcon_core.shell:Creating environment hook '/home/owais/CAS/CAS_project/install/sensorfusion/share/sensorfusion/hook/ament_prefix_path.ps1'
[0.849s] INFO:colcon.colcon_core.shell:Creating environment descriptor '/home/owais/CAS/CAS_project/install/sensorfusion/share/sensorfusion/hook/ament_prefix_path.dsv'
[0.851s] INFO:colcon.colcon_core.shell:Creating environment hook '/home/owais/CAS/CAS_project/install/sensorfusion/share/sensorfusion/hook/ament_prefix_path.sh'
[0.855s] INFO:colcon.colcon_core.shell:Skip shell extension 'powershell' for command environment: Not usable outside of PowerShell
[0.855s] DEBUG:colcon.colcon_core.shell:Skip shell extension 'dsv' for command environment
[0.862s] DEBUG:colcon.colcon_core.shell:Ignoring prefix path '/opt/ros/foxy'
[1.609s] INFO:colcon.colcon_core.task.python.build:Building Python package in '/home/owais/CAS/CAS_project/src/bugbot_urdf_description'
[1.613s] INFO:colcon.colcon_core.shell:Skip shell extension 'powershell' for command environment: Not usable outside of PowerShell
[1.614s] DEBUG:colcon.colcon_core.shell:Skip shell extension 'dsv' for command environment
[1.620s] DEBUG:colcon.colcon_core.shell:Ignoring prefix path '/opt/ros/foxy'
[1.649s] DEBUG:colcon.colcon_core.event_handler.log_command:Invoking command in '/home/owais/CAS/CAS_project/build/cpp_pubsub': CMAKE_PREFIX_PATH=/opt/ros/foxy /usr/bin/cmake --build /home/owais/CAS/CAS_project/build/cpp_pubsub -- -j4 -l4
[2.377s] WARNING:colcon.colcon_ros.task.ament_python.build:Package 'sensorfusion' doesn't explicitly install a marker in the package index (colcon-ros currently does it implicitly but that fallback will be removed in the future)
[2.378s] WARNING:colcon.colcon_ros.task.ament_python.build:Package 'sensorfusion' doesn't explicitly install the 'package.xml' file (colcon-ros currently does it implicitly but that fallback will be removed in the future)
[2.378s] INFO:colcon.colcon_core.task.python.build:Building Python package in '/home/owais/CAS/CAS_project/src/sensorfusion'
[2.381s] INFO:colcon.colcon_core.shell:Skip shell extension 'powershell' for command environment: Not usable outside of PowerShell
[2.381s] DEBUG:colcon.colcon_core.shell:Skip shell extension 'dsv' for command environment
[2.386s] DEBUG:colcon.colcon_core.shell:Ignoring prefix path '/opt/ros/foxy'
[2.409s] DEBUG:colcon.colcon_core.event_handler.log_command:Invoking command in '/home/owais/CAS/CAS_project/src/bugbot_urdf_description': PYTHONPATH=/home/owais/CAS/CAS_project/install/bugbot_urdf_description/lib/python3.8/site-packages:${PYTHONPATH} /usr/bin/python3 setup.py egg_info --egg-base ../../build/bugbot_urdf_description build --build-base /home/owais/CAS/CAS_project/build/bugbot_urdf_description/build install --prefix /home/owais/CAS/CAS_project/install/bugbot_urdf_description --record /home/owais/CAS/CAS_project/build/bugbot_urdf_description/install.log --single-version-externally-managed
[2.424s] DEBUG:colcon.colcon_core.event_handler.log_command:Invoked command in '/home/owais/CAS/CAS_project/build/cpp_pubsub' returned '0': CMAKE_PREFIX_PATH=/opt/ros/foxy /usr/bin/cmake --build /home/owais/CAS/CAS_project/build/cpp_pubsub -- -j4 -l4
[2.458s] DEBUG:colcon.colcon_core.event_handler.log_command:Invoking command in '/home/owais/CAS/CAS_project/src/sensorfusion': PYTHONPATH=/home/owais/CAS/CAS_project/install/sensorfusion/lib/python3.8/site-packages:${PYTHONPATH} /usr/bin/python3 setup.py egg_info --egg-base ../../build/sensorfusion build --build-base /home/owais/CAS/CAS_project/build/sensorfusion/build install --prefix /home/owais/CAS/CAS_project/install/sensorfusion --record /home/owais/CAS/CAS_project/build/sensorfusion/install.log --single-version-externally-managed
[2.612s] DEBUG:colcon.colcon_core.event_handler.log_command:Invoking command in '/home/owais/CAS/CAS_project/build/cpp_pubsub': CMAKE_PREFIX_PATH=/opt/ros/foxy /usr/bin/cmake --install /home/owais/CAS/CAS_project/build/cpp_pubsub
[2.659s] Level 1:colcon.colcon_core.environment:create_environment_scripts_only(cpp_pubsub)
[2.673s] DEBUG:colcon.colcon_core.event_handler.log_command:Invoked command in '/home/owais/CAS/CAS_project/build/cpp_pubsub' returned '0': CMAKE_PREFIX_PATH=/opt/ros/foxy /usr/bin/cmake --install /home/owais/CAS/CAS_project/build/cpp_pubsub
[2.676s] Level 1:colcon.colcon_core.environment:checking '/home/owais/CAS/CAS_project/install/cpp_pubsub' for CMake module files
[2.679s] Level 1:colcon.colcon_core.environment:checking '/home/owais/CAS/CAS_project/install/cpp_pubsub' for CMake config files
[2.679s] Level 1:colcon.colcon_core.shell:create_environment_hook('cpp_pubsub', 'cmake_prefix_path')
[2.681s] INFO:colcon.colcon_core.shell:Creating environment hook '/home/owais/CAS/CAS_project/install/cpp_pubsub/share/cpp_pubsub/hook/cmake_prefix_path.ps1'
[2.683s] INFO:colcon.colcon_core.shell:Creating environment descriptor '/home/owais/CAS/CAS_project/install/cpp_pubsub/share/cpp_pubsub/hook/cmake_prefix_path.dsv'
[2.684s] INFO:colcon.colcon_core.shell:Creating environment hook '/home/owais/CAS/CAS_project/install/cpp_pubsub/share/cpp_pubsub/hook/cmake_prefix_path.sh'
[2.687s] Level 1:colcon.colcon_core.environment:checking '/home/owais/CAS/CAS_project/install/cpp_pubsub/lib'
[2.687s] Level 1:colcon.colcon_core.environment:checking '/home/owais/CAS/CAS_project/install/cpp_pubsub/bin'
[2.688s] Level 1:colcon.colcon_core.environment:checking '/home/owais/CAS/CAS_project/install/cpp_pubsub/lib/pkgconfig/cpp_pubsub.pc'
[2.688s] Level 1:colcon.colcon_core.environment:checking '/home/owais/CAS/CAS_project/install/cpp_pubsub/lib/python3.8/site-packages'
[2.691s] INFO:colcon.colcon_core.shell:Creating package script '/home/owais/CAS/CAS_project/install/cpp_pubsub/share/cpp_pubsub/package.ps1'
[2.695s] INFO:colcon.colcon_core.shell:Creating package descriptor '/home/owais/CAS/CAS_project/install/cpp_pubsub/share/cpp_pubsub/package.dsv'
[2.698s] INFO:colcon.colcon_core.shell:Creating package script '/home/owais/CAS/CAS_project/install/cpp_pubsub/share/cpp_pubsub/package.sh'
[2.702s] INFO:colcon.colcon_core.shell:Creating package script '/home/owais/CAS/CAS_project/install/cpp_pubsub/share/cpp_pubsub/package.bash'
[2.707s] INFO:colcon.colcon_core.shell:Creating package script '/home/owais/CAS/CAS_project/install/cpp_pubsub/share/cpp_pubsub/package.zsh'
[2.710s] Level 1:colcon.colcon_core.environment:create_file_with_runtime_dependencies(/home/owais/CAS/CAS_project/install/cpp_pubsub/share/colcon-core/packages/cpp_pubsub)
[2.794s] Level 1:colcon.colcon_core.environment:create_environment_scripts_only(cpp_pubsub)
[2.802s] Level 1:colcon.colcon_core.environment:checking '/home/owais/CAS/CAS_project/install/cpp_pubsub' for CMake module files
[2.806s] Level 1:colcon.colcon_core.environment:checking '/home/owais/CAS/CAS_project/install/cpp_pubsub' for CMake config files
[2.808s] Level 1:colcon.colcon_core.shell:create_environment_hook('cpp_pubsub', 'cmake_prefix_path')
[2.812s] INFO:colcon.colcon_core.shell:Creating environment hook '/home/owais/CAS/CAS_project/install/cpp_pubsub/share/cpp_pubsub/hook/cmake_prefix_path.ps1'
[2.817s] INFO:colcon.colcon_core.shell:Creating environment descriptor '/home/owais/CAS/CAS_project/install/cpp_pubsub/share/cpp_pubsub/hook/cmake_prefix_path.dsv'
[2.823s] INFO:colcon.colcon_core.shell:Creating environment hook '/home/owais/CAS/CAS_project/install/cpp_pubsub/share/cpp_pubsub/hook/cmake_prefix_path.sh'
[2.830s] Level 1:colcon.colcon_core.environment:checking '/home/owais/CAS/CAS_project/install/cpp_pubsub/lib'
[2.831s] Level 1:colcon.colcon_core.environment:checking '/home/owais/CAS/CAS_project/install/cpp_pubsub/bin'
[2.834s] Level 1:colcon.colcon_core.environment:checking '/home/owais/CAS/CAS_project/install/cpp_pubsub/lib/pkgconfig/cpp_pubsub.pc'
[2.836s] Level 1:colcon.colcon_core.environment:checking '/home/owais/CAS/CAS_project/install/cpp_pubsub/lib/python3.8/site-packages'
[2.840s] INFO:colcon.colcon_core.shell:Creating package script '/home/owais/CAS/CAS_project/install/cpp_pubsub/share/cpp_pubsub/package.ps1'
[2.842s] INFO:colcon.colcon_core.shell:Creating package descriptor '/home/owais/CAS/CAS_project/install/cpp_pubsub/share/cpp_pubsub/package.dsv'
[2.845s] INFO:colcon.colcon_core.shell:Creating package script '/home/owais/CAS/CAS_project/install/cpp_pubsub/share/cpp_pubsub/package.sh'
[2.848s] INFO:colcon.colcon_core.shell:Creating package script '/home/owais/CAS/CAS_project/install/cpp_pubsub/share/cpp_pubsub/package.bash'
[2.850s] INFO:colcon.colcon_core.shell:Creating package script '/home/owais/CAS/CAS_project/install/cpp_pubsub/share/cpp_pubsub/package.zsh'
[2.852s] Level 1:colcon.colcon_core.environment:create_file_with_runtime_dependencies(/home/owais/CAS/CAS_project/install/cpp_pubsub/share/colcon-core/packages/cpp_pubsub)
[3.475s] Level 1:colcon.colcon_core.environment:checking '/home/owais/CAS/CAS_project/install/bugbot_urdf_description' for CMake module files
[3.478s] DEBUG:colcon.colcon_core.event_handler.log_command:Invoked command in '/home/owais/CAS/CAS_project/src/bugbot_urdf_description' returned '0': PYTHONPATH=/home/owais/CAS/CAS_project/install/bugbot_urdf_description/lib/python3.8/site-packages:${PYTHONPATH} /usr/bin/python3 setup.py egg_info --egg-base ../../build/bugbot_urdf_description build --build-base /home/owais/CAS/CAS_project/build/bugbot_urdf_description/build install --prefix /home/owais/CAS/CAS_project/install/bugbot_urdf_description --record /home/owais/CAS/CAS_project/build/bugbot_urdf_description/install.log --single-version-externally-managed
[3.480s] Level 1:colcon.colcon_core.environment:checking '/home/owais/CAS/CAS_project/install/bugbot_urdf_description' for CMake config files
[3.483s] Level 1:colcon.colcon_core.environment:checking '/home/owais/CAS/CAS_project/install/bugbot_urdf_description/lib'
[3.483s] Level 1:colcon.colcon_core.environment:checking '/home/owais/CAS/CAS_project/install/bugbot_urdf_description/bin'
[3.483s] Level 1:colcon.colcon_core.environment:checking '/home/owais/CAS/CAS_project/install/bugbot_urdf_description/lib/pkgconfig/bugbot_urdf_description.pc'
[3.484s] Level 1:colcon.colcon_core.environment:checking '/home/owais/CAS/CAS_project/install/bugbot_urdf_description/lib/python3.8/site-packages'
[3.484s] Level 1:colcon.colcon_core.shell:create_environment_hook('bugbot_urdf_description', 'pythonpath')
[3.487s] INFO:colcon.colcon_core.shell:Creating environment hook '/home/owais/CAS/CAS_project/install/bugbot_urdf_description/share/bugbot_urdf_description/hook/pythonpath.ps1'
[3.488s] INFO:colcon.colcon_core.shell:Creating environment descriptor '/home/owais/CAS/CAS_project/install/bugbot_urdf_description/share/bugbot_urdf_description/hook/pythonpath.dsv'
[3.489s] INFO:colcon.colcon_core.shell:Creating environment hook '/home/owais/CAS/CAS_project/install/bugbot_urdf_description/share/bugbot_urdf_description/hook/pythonpath.sh'
[3.492s] Level 1:colcon.colcon_core.environment:create_environment_scripts_only(bugbot_urdf_description)
[3.495s] INFO:colcon.colcon_core.shell:Creating package script '/home/owais/CAS/CAS_project/install/bugbot_urdf_description/share/bugbot_urdf_description/package.ps1'
[3.498s] INFO:colcon.colcon_core.shell:Creating package descriptor '/home/owais/CAS/CAS_project/install/bugbot_urdf_description/share/bugbot_urdf_description/package.dsv'
[3.500s] INFO:colcon.colcon_core.shell:Creating package script '/home/owais/CAS/CAS_project/install/bugbot_urdf_description/share/bugbot_urdf_description/package.sh'
[3.501s] INFO:colcon.colcon_core.shell:Creating package script '/home/owais/CAS/CAS_project/install/bugbot_urdf_description/share/bugbot_urdf_description/package.bash'
[3.502s] INFO:colcon.colcon_core.shell:Creating package script '/home/owais/CAS/CAS_project/install/bugbot_urdf_description/share/bugbot_urdf_description/package.zsh'
[3.503s] Level 1:colcon.colcon_core.environment:create_file_with_runtime_dependencies(/home/owais/CAS/CAS_project/install/bugbot_urdf_description/share/colcon-core/packages/bugbot_urdf_description)
[3.508s] DEBUG:colcon.colcon_core.event_handler.log_command:Invoked command in '/home/owais/CAS/CAS_project/src/sensorfusion' returned '1': PYTHONPATH=/home/owais/CAS/CAS_project/install/sensorfusion/lib/python3.8/site-packages:${PYTHONPATH} /usr/bin/python3 setup.py egg_info --egg-base ../../build/sensorfusion build --build-base /home/owais/CAS/CAS_project/build/sensorfusion/build install --prefix /home/owais/CAS/CAS_project/install/sensorfusion --record /home/owais/CAS/CAS_project/build/sensorfusion/install.log --single-version-externally-managed
[3.517s] DEBUG:colcon.colcon_parallel_executor.executor.parallel:closing loop
[3.518s] DEBUG:colcon.colcon_parallel_executor.executor.parallel:loop closed
[3.518s] DEBUG:colcon.colcon_parallel_executor.executor.parallel:run_until_complete finished with '1'
[3.518s] DEBUG:colcon.colcon_core.event_reactor:joining thread
[3.543s] INFO:colcon.colcon_core.plugin_system:Skipping extension 'colcon_notification.desktop_notification.terminal_notifier': Not used on non-Darwin systems
[3.544s] INFO:colcon.colcon_core.plugin_system:Skipping extension 'colcon_notification.desktop_notification.win32': Not used on non-Windows systems
[3.544s] INFO:colcon.colcon_notification.desktop_notification:Sending desktop notification using 'notify2'
[3.596s] DEBUG:colcon.colcon_core.event_reactor:joined thread
[3.599s] INFO:colcon.colcon_core.shell:Creating prefix script '/home/owais/CAS/CAS_project/install/local_setup.ps1'
[3.604s] INFO:colcon.colcon_core.shell:Creating prefix util module '/home/owais/CAS/CAS_project/install/_local_setup_util_ps1.py'
[3.613s] INFO:colcon.colcon_core.shell:Creating prefix chain script '/home/owais/CAS/CAS_project/install/setup.ps1'
[3.622s] INFO:colcon.colcon_core.shell:Creating prefix script '/home/owais/CAS/CAS_project/install/local_setup.sh'
[3.624s] INFO:colcon.colcon_core.shell:Creating prefix util module '/home/owais/CAS/CAS_project/install/_local_setup_util_sh.py'
[3.626s] INFO:colcon.colcon_core.shell:Creating prefix chain script '/home/owais/CAS/CAS_project/install/setup.sh'
[3.634s] INFO:colcon.colcon_core.shell:Creating prefix script '/home/owais/CAS/CAS_project/install/local_setup.bash'
[3.636s] INFO:colcon.colcon_core.shell:Creating prefix chain script '/home/owais/CAS/CAS_project/install/setup.bash'
[3.644s] INFO:colcon.colcon_core.shell:Creating prefix script '/home/owais/CAS/CAS_project/install/local_setup.zsh'
[3.646s] INFO:colcon.colcon_core.shell:Creating prefix chain script '/home/owais/CAS/CAS_project/install/setup.zsh'
