running egg_info
creating ../../build/sensor_fusion/sensor_fusion.egg-info
writing ../../build/sensor_fusion/sensor_fusion.egg-info/PKG-INFO
writing dependency_links to ../../build/sensor_fusion/sensor_fusion.egg-info/dependency_links.txt
writing entry points to ../../build/sensor_fusion/sensor_fusion.egg-info/entry_points.txt
writing requirements to ../../build/sensor_fusion/sensor_fusion.egg-info/requires.txt
writing top-level names to ../../build/sensor_fusion/sensor_fusion.egg-info/top_level.txt
writing manifest file '../../build/sensor_fusion/sensor_fusion.egg-info/SOURCES.txt'
reading manifest file '../../build/sensor_fusion/sensor_fusion.egg-info/SOURCES.txt'
writing manifest file '../../build/sensor_fusion/sensor_fusion.egg-info/SOURCES.txt'
running build
running build_py
creating /home/owais/CAS/CAS_project/build/sensor_fusion/build
creating /home/owais/CAS/CAS_project/build/sensor_fusion/build/lib
creating /home/owais/CAS/CAS_project/build/sensor_fusion/build/lib/sensor_fusion
copying sensor_fusion/__init__.py -> /home/owais/CAS/CAS_project/build/sensor_fusion/build/lib/sensor_fusion
copying sensor_fusion/kalman.py -> /home/owais/CAS/CAS_project/build/sensor_fusion/build/lib/sensor_fusion
running install
running install_lib
creating /home/owais/CAS/CAS_project/install/sensor_fusion/lib/python3.8/site-packages/sensor_fusion
copying /home/owais/CAS/CAS_project/build/sensor_fusion/build/lib/sensor_fusion/__init__.py -> /home/owais/CAS/CAS_project/install/sensor_fusion/lib/python3.8/site-packages/sensor_fusion
copying /home/owais/CAS/CAS_project/build/sensor_fusion/build/lib/sensor_fusion/kalman.py -> /home/owais/CAS/CAS_project/install/sensor_fusion/lib/python3.8/site-packages/sensor_fusion
byte-compiling /home/owais/CAS/CAS_project/install/sensor_fusion/lib/python3.8/site-packages/sensor_fusion/__init__.py to __init__.cpython-38.pyc
byte-compiling /home/owais/CAS/CAS_project/install/sensor_fusion/lib/python3.8/site-packages/sensor_fusion/kalman.py to kalman.cpython-38.pyc
running install_data
creating /home/owais/CAS/CAS_project/install/sensor_fusion/share/ament_index
creating /home/owais/CAS/CAS_project/install/sensor_fusion/share/ament_index/resource_index
creating /home/owais/CAS/CAS_project/install/sensor_fusion/share/ament_index/resource_index/packages
copying resource/sensor_fusion -> /home/owais/CAS/CAS_project/install/sensor_fusion/share/ament_index/resource_index/packages
copying package.xml -> /home/owais/CAS/CAS_project/install/sensor_fusion/share/sensor_fusion
running install_egg_info
Copying ../../build/sensor_fusion/sensor_fusion.egg-info to /home/owais/CAS/CAS_project/install/sensor_fusion/lib/python3.8/site-packages/sensor_fusion-0.0.0-py3.8.egg-info
running install_scripts
Installing kalman script to /home/owais/CAS/CAS_project/install/sensor_fusion/lib/sensor_fusion
writing list of installed files to '/home/owais/CAS/CAS_project/build/sensor_fusion/install.log'
