[0.725s] Invoking command in '/home/owais/CAS/CAS_project/src/sensor_fusion': PYTHONPATH=/home/owais/CAS/CAS_project/install/sensor_fusion/lib/python3.8/site-packages:${PYTHONPATH} /usr/bin/python3 setup.py egg_info --egg-base ../../build/sensor_fusion build --build-base /home/owais/CAS/CAS_project/build/sensor_fusion/build install --prefix /home/owais/CAS/CAS_project/install/sensor_fusion --record /home/owais/CAS/CAS_project/build/sensor_fusion/install.log --single-version-externally-managed
[1.090s] running egg_info
[1.090s] creating ../../build/sensor_fusion/sensor_fusion.egg-info
[1.091s] writing ../../build/sensor_fusion/sensor_fusion.egg-info/PKG-INFO
[1.091s] writing dependency_links to ../../build/sensor_fusion/sensor_fusion.egg-info/dependency_links.txt
[1.091s] writing entry points to ../../build/sensor_fusion/sensor_fusion.egg-info/entry_points.txt
[1.092s] writing requirements to ../../build/sensor_fusion/sensor_fusion.egg-info/requires.txt
[1.092s] writing top-level names to ../../build/sensor_fusion/sensor_fusion.egg-info/top_level.txt
[1.094s] writing manifest file '../../build/sensor_fusion/sensor_fusion.egg-info/SOURCES.txt'
[1.157s] reading manifest file '../../build/sensor_fusion/sensor_fusion.egg-info/SOURCES.txt'
[1.159s] writing manifest file '../../build/sensor_fusion/sensor_fusion.egg-info/SOURCES.txt'
[1.160s] running build
[1.161s] running build_py
[1.161s] creating /home/owais/CAS/CAS_project/build/sensor_fusion/build
[1.161s] creating /home/owais/CAS/CAS_project/build/sensor_fusion/build/lib
[1.162s] creating /home/owais/CAS/CAS_project/build/sensor_fusion/build/lib/sensor_fusion
[1.162s] copying sensor_fusion/__init__.py -> /home/owais/CAS/CAS_project/build/sensor_fusion/build/lib/sensor_fusion
[1.163s] copying sensor_fusion/kalman.py -> /home/owais/CAS/CAS_project/build/sensor_fusion/build/lib/sensor_fusion
[1.164s] running install
[1.166s] running install_lib
[1.168s] creating /home/owais/CAS/CAS_project/install/sensor_fusion/lib/python3.8/site-packages/sensor_fusion
[1.168s] copying /home/owais/CAS/CAS_project/build/sensor_fusion/build/lib/sensor_fusion/__init__.py -> /home/owais/CAS/CAS_project/install/sensor_fusion/lib/python3.8/site-packages/sensor_fusion
[1.168s] copying /home/owais/CAS/CAS_project/build/sensor_fusion/build/lib/sensor_fusion/kalman.py -> /home/owais/CAS/CAS_project/install/sensor_fusion/lib/python3.8/site-packages/sensor_fusion
[1.169s] byte-compiling /home/owais/CAS/CAS_project/install/sensor_fusion/lib/python3.8/site-packages/sensor_fusion/__init__.py to __init__.cpython-38.pyc
[1.172s] byte-compiling /home/owais/CAS/CAS_project/install/sensor_fusion/lib/python3.8/site-packages/sensor_fusion/kalman.py to kalman.cpython-38.pyc
[1.173s] running install_data
[1.174s] creating /home/owais/CAS/CAS_project/install/sensor_fusion/share/ament_index
[1.174s] creating /home/owais/CAS/CAS_project/install/sensor_fusion/share/ament_index/resource_index
[1.174s] creating /home/owais/CAS/CAS_project/install/sensor_fusion/share/ament_index/resource_index/packages
[1.174s] copying resource/sensor_fusion -> /home/owais/CAS/CAS_project/install/sensor_fusion/share/ament_index/resource_index/packages
[1.175s] copying package.xml -> /home/owais/CAS/CAS_project/install/sensor_fusion/share/sensor_fusion
[1.175s] running install_egg_info
[1.179s] Copying ../../build/sensor_fusion/sensor_fusion.egg-info to /home/owais/CAS/CAS_project/install/sensor_fusion/lib/python3.8/site-packages/sensor_fusion-0.0.0-py3.8.egg-info
[1.181s] running install_scripts
[1.216s] Installing kalman script to /home/owais/CAS/CAS_project/install/sensor_fusion/lib/sensor_fusion
[1.217s] writing list of installed files to '/home/owais/CAS/CAS_project/build/sensor_fusion/install.log'
[1.246s] Invoked command in '/home/owais/CAS/CAS_project/src/sensor_fusion' returned '0': PYTHONPATH=/home/owais/CAS/CAS_project/install/sensor_fusion/lib/python3.8/site-packages:${PYTHONPATH} /usr/bin/python3 setup.py egg_info --egg-base ../../build/sensor_fusion build --build-base /home/owais/CAS/CAS_project/build/sensor_fusion/build install --prefix /home/owais/CAS/CAS_project/install/sensor_fusion --record /home/owais/CAS/CAS_project/build/sensor_fusion/install.log --single-version-externally-managed
