[0.377s] Invoking command in '/home/owais/CAS/CAS_project/build/cpp_pubsub': CMAKE_PREFIX_PATH=${CMAKE_PREFIX_PATH}:/home/owais/CAS/CAS_project/install/sensor_fusion:/home/owais/CAS/CAS_project/install/bugbot_urdf_description:/opt/ros/foxy /usr/bin/cmake --build /home/owais/CAS/CAS_project/build/cpp_pubsub -- -j4 -l4
[0.452s] [100%] Built target listener
[0.453s] [100%] Built target talker
[0.731s] Invoked command in '/home/owais/CAS/CAS_project/build/cpp_pubsub' returned '0': CMAKE_PREFIX_PATH=${CMAKE_PREFIX_PATH}:/home/owais/CAS/CAS_project/install/sensor_fusion:/home/owais/CAS/CAS_project/install/bugbot_urdf_description:/opt/ros/foxy /usr/bin/cmake --build /home/owais/CAS/CAS_project/build/cpp_pubsub -- -j4 -l4
[0.784s] Invoking command in '/home/owais/CAS/CAS_project/build/cpp_pubsub': CMAKE_PREFIX_PATH=${CMAKE_PREFIX_PATH}:/home/owais/CAS/CAS_project/install/sensor_fusion:/home/owais/CAS/CAS_project/install/bugbot_urdf_description:/opt/ros/foxy /usr/bin/cmake --install /home/owais/CAS/CAS_project/build/cpp_pubsub
[0.798s] -- Install configuration: ""
[0.800s] -- Up-to-date: /home/owais/CAS/CAS_project/install/cpp_pubsub/lib/cpp_pubsub/talker
[0.801s] -- Up-to-date: /home/owais/CAS/CAS_project/install/cpp_pubsub/lib/cpp_pubsub/listener
[0.801s] -- Up-to-date: /home/owais/CAS/CAS_project/install/cpp_pubsub/share/ament_index/resource_index/package_run_dependencies/cpp_pubsub
[0.802s] -- Up-to-date: /home/owais/CAS/CAS_project/install/cpp_pubsub/share/ament_index/resource_index/parent_prefix_path/cpp_pubsub
[0.802s] -- Up-to-date: /home/owais/CAS/CAS_project/install/cpp_pubsub/share/cpp_pubsub/environment/ament_prefix_path.sh
[0.802s] -- Up-to-date: /home/owais/CAS/CAS_project/install/cpp_pubsub/share/cpp_pubsub/environment/ament_prefix_path.dsv
[0.802s] -- Up-to-date: /home/owais/CAS/CAS_project/install/cpp_pubsub/share/cpp_pubsub/environment/path.sh
[0.803s] -- Up-to-date: /home/owais/CAS/CAS_project/install/cpp_pubsub/share/cpp_pubsub/environment/path.dsv
[0.803s] -- Up-to-date: /home/owais/CAS/CAS_project/install/cpp_pubsub/share/cpp_pubsub/local_setup.bash
[0.803s] -- Up-to-date: /home/owais/CAS/CAS_project/install/cpp_pubsub/share/cpp_pubsub/local_setup.sh
[0.803s] -- Up-to-date: /home/owais/CAS/CAS_project/install/cpp_pubsub/share/cpp_pubsub/local_setup.zsh
[0.804s] -- Up-to-date: /home/owais/CAS/CAS_project/install/cpp_pubsub/share/cpp_pubsub/local_setup.dsv
[0.804s] -- Installing: /home/owais/CAS/CAS_project/install/cpp_pubsub/share/cpp_pubsub/package.dsv
[0.804s] -- Up-to-date: /home/owais/CAS/CAS_project/install/cpp_pubsub/share/ament_index/resource_index/packages/cpp_pubsub
[0.804s] -- Up-to-date: /home/owais/CAS/CAS_project/install/cpp_pubsub/share/cpp_pubsub/cmake/cpp_pubsubConfig.cmake
[0.804s] -- Up-to-date: /home/owais/CAS/CAS_project/install/cpp_pubsub/share/cpp_pubsub/cmake/cpp_pubsubConfig-version.cmake
[0.804s] -- Up-to-date: /home/owais/CAS/CAS_project/install/cpp_pubsub/share/cpp_pubsub/package.xml
[0.814s] Invoked command in '/home/owais/CAS/CAS_project/build/cpp_pubsub' returned '0': CMAKE_PREFIX_PATH=${CMAKE_PREFIX_PATH}:/home/owais/CAS/CAS_project/install/sensor_fusion:/home/owais/CAS/CAS_project/install/bugbot_urdf_description:/opt/ros/foxy /usr/bin/cmake --install /home/owais/CAS/CAS_project/build/cpp_pubsub
