[1.568s] Invoking command in '/home/owais/CAS/CAS_project/src/bugbot_urdf_description': PYTHONPATH=/home/owais/CAS/CAS_project/install/bugbot_urdf_description/lib/python3.8/site-packages: /usr/bin/python3 setup.py egg_info --egg-base ../../build/bugbot_urdf_description build --build-base /home/owais/CAS/CAS_project/build/bugbot_urdf_description/build install --prefix /home/owais/CAS/CAS_project/install/bugbot_urdf_description --record /home/owais/CAS/CAS_project/build/bugbot_urdf_description/install.log --single-version-externally-managed
[2.361s] running egg_info
[2.366s] writing ../../build/bugbot_urdf_description/bugbot_urdf_description.egg-info/PKG-INFO
[2.366s] writing dependency_links to ../../build/bugbot_urdf_description/bugbot_urdf_description.egg-info/dependency_links.txt
[2.367s] writing entry points to ../../build/bugbot_urdf_description/bugbot_urdf_description.egg-info/entry_points.txt
[2.369s] writing requirements to ../../build/bugbot_urdf_description/bugbot_urdf_description.egg-info/requires.txt
[2.375s] writing top-level names to ../../build/bugbot_urdf_description/bugbot_urdf_description.egg-info/top_level.txt
[2.530s] reading manifest file '../../build/bugbot_urdf_description/bugbot_urdf_description.egg-info/SOURCES.txt'
[2.534s] writing manifest file '../../build/bugbot_urdf_description/bugbot_urdf_description.egg-info/SOURCES.txt'
[2.535s] running build
[2.535s] running build_py
[2.536s] running install
[2.537s] running install_lib
[2.541s] running install_data
[2.543s] running install_egg_info
[2.548s] removing '/home/owais/CAS/CAS_project/install/bugbot_urdf_description/lib/python3.8/site-packages/bugbot_urdf_description-0.0.0-py3.8.egg-info' (and everything under it)
[2.549s] Copying ../../build/bugbot_urdf_description/bugbot_urdf_description.egg-info to /home/owais/CAS/CAS_project/install/bugbot_urdf_description/lib/python3.8/site-packages/bugbot_urdf_description-0.0.0-py3.8.egg-info
[2.551s] running install_scripts
[2.607s] Installing state_publisher script to /home/owais/CAS/CAS_project/install/bugbot_urdf_description/lib/bugbot_urdf_description
[2.617s] writing list of installed files to '/home/owais/CAS/CAS_project/build/bugbot_urdf_description/install.log'
