[0.734s] Invoking command in '/home/owais/CAS/CAS_project/src/sensor_fusion': PYTHONPATH=/home/owais/CAS/CAS_project/install/sensor_fusion/lib/python3.8/site-packages:${PYTHONPATH} /usr/bin/python3 setup.py egg_info --egg-base ../../build/sensor_fusion build --build-base /home/owais/CAS/CAS_project/build/sensor_fusion/build install --prefix /home/owais/CAS/CAS_project/install/sensor_fusion --record /home/owais/CAS/CAS_project/build/sensor_fusion/install.log --single-version-externally-managed
[1.068s] running egg_info
[1.069s] writing ../../build/sensor_fusion/sensor_fusion.egg-info/PKG-INFO
[1.070s] writing dependency_links to ../../build/sensor_fusion/sensor_fusion.egg-info/dependency_links.txt
[1.070s] writing entry points to ../../build/sensor_fusion/sensor_fusion.egg-info/entry_points.txt
[1.070s] writing requirements to ../../build/sensor_fusion/sensor_fusion.egg-info/requires.txt
[1.071s] writing top-level names to ../../build/sensor_fusion/sensor_fusion.egg-info/top_level.txt
[1.136s] reading manifest file '../../build/sensor_fusion/sensor_fusion.egg-info/SOURCES.txt'
[1.138s] writing manifest file '../../build/sensor_fusion/sensor_fusion.egg-info/SOURCES.txt'
[1.138s] running build
[1.138s] running build_py
[1.138s] copying sensor_fusion/kalman.py -> /home/owais/CAS/CAS_project/build/sensor_fusion/build/lib/sensor_fusion
[1.139s] running install
[1.140s] running install_lib
[1.142s] copying /home/owais/CAS/CAS_project/build/sensor_fusion/build/lib/sensor_fusion/kalman.py -> /home/owais/CAS/CAS_project/install/sensor_fusion/lib/python3.8/site-packages/sensor_fusion
[1.143s] byte-compiling /home/owais/CAS/CAS_project/install/sensor_fusion/lib/python3.8/site-packages/sensor_fusion/kalman.py to kalman.cpython-38.pyc
[1.146s] running install_data
[1.147s] running install_egg_info
[1.150s] removing '/home/owais/CAS/CAS_project/install/sensor_fusion/lib/python3.8/site-packages/sensor_fusion-0.0.0-py3.8.egg-info' (and everything under it)
[1.150s] Copying ../../build/sensor_fusion/sensor_fusion.egg-info to /home/owais/CAS/CAS_project/install/sensor_fusion/lib/python3.8/site-packages/sensor_fusion-0.0.0-py3.8.egg-info
[1.151s] running install_scripts
[1.180s] Installing kalman script to /home/owais/CAS/CAS_project/install/sensor_fusion/lib/sensor_fusion
[1.181s] writing list of installed files to '/home/owais/CAS/CAS_project/build/sensor_fusion/install.log'
[1.217s] Invoked command in '/home/owais/CAS/CAS_project/src/sensor_fusion' returned '0': PYTHONPATH=/home/owais/CAS/CAS_project/install/sensor_fusion/lib/python3.8/site-packages:${PYTHONPATH} /usr/bin/python3 setup.py egg_info --egg-base ../../build/sensor_fusion build --build-base /home/owais/CAS/CAS_project/build/sensor_fusion/build install --prefix /home/owais/CAS/CAS_project/install/sensor_fusion --record /home/owais/CAS/CAS_project/build/sensor_fusion/install.log --single-version-externally-managed
