[0.255s] DEBUG:colcon:Command line arguments: ['/usr/bin/colcon', 'build']
[0.255s] DEBUG:colcon:Parsed command line arguments: Namespace(ament_cmake_args=None, base_paths=['.'], build_base='build', catkin_cmake_args=None, catkin_skip_building_tests=False, cmake_args=None, cmake_clean_cache=False, cmake_clean_first=False, cmake_force_configure=False, cmake_target=None, cmake_target_skip_unavailable=False, continue_on_error=False, event_handlers=None, executor='parallel', ignore_user_meta=False, install_base='install', log_base=None, log_level=None, main=<bound method BuildVerb.main of <colcon_core.verb.build.BuildVerb object at 0x7ff907fad4f0>>, merge_install=False, metas=['./colcon.meta'], packages_above=None, packages_above_and_dependencies=None, packages_above_depth=None, packages_end=None, packages_ignore=None, packages_ignore_regex=None, packages_select=None, packages_select_build_failed=False, packages_select_by_dep=None, packages_select_regex=None, packages_select_test_failures=False, packages_skip=None, packages_skip_build_finished=False, packages_skip_by_dep=None, packages_skip_regex=None, packages_skip_test_passed=False, packages_skip_up_to=None, packages_start=None, packages_up_to=None, packages_up_to_regex=None, parallel_workers=4, paths=None, symlink_install=False, test_result_base=None, verb_extension=<colcon_core.verb.build.BuildVerb object at 0x7ff907fad4f0>, verb_name='build', verb_parser=<colcon_defaults.argument_parser.defaults.DefaultArgumentsDecorator object at 0x7ff907fada30>)
[0.263s] Level 1:colcon.colcon_core.package_discovery:discover_packages(colcon_meta) check parameters
[0.263s] Level 1:colcon.colcon_core.package_discovery:discover_packages(recursive) check parameters
[0.263s] Level 1:colcon.colcon_core.package_discovery:discover_packages(ignore) check parameters
[0.263s] Level 1:colcon.colcon_core.package_discovery:discover_packages(path) check parameters
[0.263s] Level 1:colcon.colcon_core.package_discovery:discover_packages(colcon_meta) discover
[0.263s] Level 1:colcon.colcon_core.package_discovery:discover_packages(recursive) discover
[0.263s] INFO:colcon.colcon_core.package_discovery:Crawling recursively for packages in '/home/owais/CAS/CAS_project'
[0.263s] Level 1:colcon.colcon_core.package_identification:_identify(.) by extensions ['ignore', 'ignore_ament_install']
[0.264s] Level 1:colcon.colcon_core.package_identification:_identify(.) by extension 'ignore'
[0.264s] Level 1:colcon.colcon_core.package_identification:_identify(.) by extension 'ignore_ament_install'
[0.264s] Level 1:colcon.colcon_core.package_identification:_identify(.) by extensions ['colcon_pkg']
[0.264s] Level 1:colcon.colcon_core.package_identification:_identify(.) by extension 'colcon_pkg'
[0.264s] Level 1:colcon.colcon_core.package_identification:_identify(.) by extensions ['colcon_meta']
[0.264s] Level 1:colcon.colcon_core.package_identification:_identify(.) by extension 'colcon_meta'
[0.264s] Level 1:colcon.colcon_core.package_identification:_identify(.) by extensions ['ros']
[0.264s] Level 1:colcon.colcon_core.package_identification:_identify(.) by extension 'ros'
[0.281s] Level 1:colcon.colcon_core.package_identification:_identify(.) by extensions ['cmake', 'python']
[0.281s] Level 1:colcon.colcon_core.package_identification:_identify(.) by extension 'cmake'
[0.281s] Level 1:colcon.colcon_core.package_identification:_identify(.) by extension 'python'
[0.281s] Level 1:colcon.colcon_core.package_identification:_identify(.) by extensions ['python_setup_py']
[0.281s] Level 1:colcon.colcon_core.package_identification:_identify(.) by extension 'python_setup_py'
[0.281s] Level 1:colcon.colcon_core.package_identification:_identify(build) by extensions ['ignore', 'ignore_ament_install']
[0.282s] Level 1:colcon.colcon_core.package_identification:_identify(build) by extension 'ignore'
[0.282s] Level 1:colcon.colcon_core.package_identification:_identify(build) ignored
[0.282s] Level 1:colcon.colcon_core.package_identification:_identify(install) by extensions ['ignore', 'ignore_ament_install']
[0.282s] Level 1:colcon.colcon_core.package_identification:_identify(install) by extension 'ignore'
[0.282s] Level 1:colcon.colcon_core.package_identification:_identify(install) ignored
[0.282s] Level 1:colcon.colcon_core.package_identification:_identify(log) by extensions ['ignore', 'ignore_ament_install']
[0.282s] Level 1:colcon.colcon_core.package_identification:_identify(log) by extension 'ignore'
[0.282s] Level 1:colcon.colcon_core.package_identification:_identify(log) ignored
[0.282s] Level 1:colcon.colcon_core.package_identification:_identify(src) by extensions ['ignore', 'ignore_ament_install']
[0.283s] Level 1:colcon.colcon_core.package_identification:_identify(src) by extension 'ignore'
[0.283s] Level 1:colcon.colcon_core.package_identification:_identify(src) by extension 'ignore_ament_install'
[0.283s] Level 1:colcon.colcon_core.package_identification:_identify(src) by extensions ['colcon_pkg']
[0.283s] Level 1:colcon.colcon_core.package_identification:_identify(src) by extension 'colcon_pkg'
[0.283s] Level 1:colcon.colcon_core.package_identification:_identify(src) by extensions ['colcon_meta']
[0.283s] Level 1:colcon.colcon_core.package_identification:_identify(src) by extension 'colcon_meta'
[0.283s] Level 1:colcon.colcon_core.package_identification:_identify(src) by extensions ['ros']
[0.283s] Level 1:colcon.colcon_core.package_identification:_identify(src) by extension 'ros'
[0.283s] Level 1:colcon.colcon_core.package_identification:_identify(src) by extensions ['cmake', 'python']
[0.283s] Level 1:colcon.colcon_core.package_identification:_identify(src) by extension 'cmake'
[0.283s] Level 1:colcon.colcon_core.package_identification:_identify(src) by extension 'python'
[0.283s] Level 1:colcon.colcon_core.package_identification:_identify(src) by extensions ['python_setup_py']
[0.283s] Level 1:colcon.colcon_core.package_identification:_identify(src) by extension 'python_setup_py'
[0.284s] Level 1:colcon.colcon_core.package_identification:_identify(src/MPC_controller) by extensions ['ignore', 'ignore_ament_install']
[0.284s] Level 1:colcon.colcon_core.package_identification:_identify(src/MPC_controller) by extension 'ignore'
[0.284s] Level 1:colcon.colcon_core.package_identification:_identify(src/MPC_controller) by extension 'ignore_ament_install'
[0.284s] Level 1:colcon.colcon_core.package_identification:_identify(src/MPC_controller) by extensions ['colcon_pkg']
[0.284s] Level 1:colcon.colcon_core.package_identification:_identify(src/MPC_controller) by extension 'colcon_pkg'
[0.284s] Level 1:colcon.colcon_core.package_identification:_identify(src/MPC_controller) by extensions ['colcon_meta']
[0.284s] Level 1:colcon.colcon_core.package_identification:_identify(src/MPC_controller) by extension 'colcon_meta'
[0.284s] Level 1:colcon.colcon_core.package_identification:_identify(src/MPC_controller) by extensions ['ros']
[0.284s] Level 1:colcon.colcon_core.package_identification:_identify(src/MPC_controller) by extension 'ros'
[0.284s] Level 1:colcon.colcon_core.package_identification:_identify(src/MPC_controller) by extensions ['cmake', 'python']
[0.284s] Level 1:colcon.colcon_core.package_identification:_identify(src/MPC_controller) by extension 'cmake'
[0.284s] Level 1:colcon.colcon_core.package_identification:_identify(src/MPC_controller) by extension 'python'
[0.285s] Level 1:colcon.colcon_core.package_identification:_identify(src/MPC_controller) by extensions ['python_setup_py']
[0.285s] Level 1:colcon.colcon_core.package_identification:_identify(src/MPC_controller) by extension 'python_setup_py'
[0.285s] Level 1:colcon.colcon_core.package_identification:_identify(src/bugbot_urdf_description) by extensions ['ignore', 'ignore_ament_install']
[0.285s] Level 1:colcon.colcon_core.package_identification:_identify(src/bugbot_urdf_description) by extension 'ignore'
[0.285s] Level 1:colcon.colcon_core.package_identification:_identify(src/bugbot_urdf_description) by extension 'ignore_ament_install'
[0.285s] Level 1:colcon.colcon_core.package_identification:_identify(src/bugbot_urdf_description) by extensions ['colcon_pkg']
[0.285s] Level 1:colcon.colcon_core.package_identification:_identify(src/bugbot_urdf_description) by extension 'colcon_pkg'
[0.285s] Level 1:colcon.colcon_core.package_identification:_identify(src/bugbot_urdf_description) by extensions ['colcon_meta']
[0.285s] Level 1:colcon.colcon_core.package_identification:_identify(src/bugbot_urdf_description) by extension 'colcon_meta'
[0.285s] Level 1:colcon.colcon_core.package_identification:_identify(src/bugbot_urdf_description) by extensions ['ros']
[0.285s] Level 1:colcon.colcon_core.package_identification:_identify(src/bugbot_urdf_description) by extension 'ros'
[0.289s] DEBUG:colcon.colcon_core.package_identification:Package 'src/bugbot_urdf_description' with type 'ros.ament_python' and name 'bugbot_urdf_description'
[0.289s] Level 1:colcon.colcon_core.package_identification:_identify(src/cpp_pubsub) by extensions ['ignore', 'ignore_ament_install']
[0.290s] Level 1:colcon.colcon_core.package_identification:_identify(src/cpp_pubsub) by extension 'ignore'
[0.290s] Level 1:colcon.colcon_core.package_identification:_identify(src/cpp_pubsub) by extension 'ignore_ament_install'
[0.290s] Level 1:colcon.colcon_core.package_identification:_identify(src/cpp_pubsub) by extensions ['colcon_pkg']
[0.290s] Level 1:colcon.colcon_core.package_identification:_identify(src/cpp_pubsub) by extension 'colcon_pkg'
[0.290s] Level 1:colcon.colcon_core.package_identification:_identify(src/cpp_pubsub) by extensions ['colcon_meta']
[0.290s] Level 1:colcon.colcon_core.package_identification:_identify(src/cpp_pubsub) by extension 'colcon_meta'
[0.290s] Level 1:colcon.colcon_core.package_identification:_identify(src/cpp_pubsub) by extensions ['ros']
[0.290s] Level 1:colcon.colcon_core.package_identification:_identify(src/cpp_pubsub) by extension 'ros'
[0.291s] DEBUG:colcon.colcon_core.package_identification:Package 'src/cpp_pubsub' with type 'ros.ament_cmake' and name 'cpp_pubsub'
[0.291s] Level 1:colcon.colcon_core.package_identification:_identify(src/sensor_fusion) by extensions ['ignore', 'ignore_ament_install']
[0.291s] Level 1:colcon.colcon_core.package_identification:_identify(src/sensor_fusion) by extension 'ignore'
[0.291s] Level 1:colcon.colcon_core.package_identification:_identify(src/sensor_fusion) by extension 'ignore_ament_install'
[0.291s] Level 1:colcon.colcon_core.package_identification:_identify(src/sensor_fusion) by extensions ['colcon_pkg']
[0.291s] Level 1:colcon.colcon_core.package_identification:_identify(src/sensor_fusion) by extension 'colcon_pkg'
[0.291s] Level 1:colcon.colcon_core.package_identification:_identify(src/sensor_fusion) by extensions ['colcon_meta']
[0.291s] Level 1:colcon.colcon_core.package_identification:_identify(src/sensor_fusion) by extension 'colcon_meta'
[0.291s] Level 1:colcon.colcon_core.package_identification:_identify(src/sensor_fusion) by extensions ['ros']
[0.292s] Level 1:colcon.colcon_core.package_identification:_identify(src/sensor_fusion) by extension 'ros'
[0.292s] DEBUG:colcon.colcon_core.package_identification:Package 'src/sensor_fusion' with type 'ros.ament_python' and name 'sensor_fusion'
[0.292s] Level 1:colcon.colcon_core.package_discovery:discover_packages(recursive) using defaults
[0.293s] Level 1:colcon.colcon_core.package_discovery:discover_packages(ignore) discover
[0.293s] Level 1:colcon.colcon_core.package_discovery:discover_packages(ignore) using defaults
[0.293s] Level 1:colcon.colcon_core.package_discovery:discover_packages(path) discover
[0.293s] Level 1:colcon.colcon_core.package_discovery:discover_packages(path) using defaults
[0.325s] Level 5:colcon.colcon_core.verb:set package 'bugbot_urdf_description' build argument 'cmake_args' from command line to 'None'
[0.325s] Level 5:colcon.colcon_core.verb:set package 'bugbot_urdf_description' build argument 'cmake_target' from command line to 'None'
[0.325s] Level 5:colcon.colcon_core.verb:set package 'bugbot_urdf_description' build argument 'cmake_target_skip_unavailable' from command line to 'False'
[0.325s] Level 5:colcon.colcon_core.verb:set package 'bugbot_urdf_description' build argument 'cmake_clean_cache' from command line to 'False'
[0.325s] Level 5:colcon.colcon_core.verb:set package 'bugbot_urdf_description' build argument 'cmake_clean_first' from command line to 'False'
[0.325s] Level 5:colcon.colcon_core.verb:set package 'bugbot_urdf_description' build argument 'cmake_force_configure' from command line to 'False'
[0.325s] Level 5:colcon.colcon_core.verb:set package 'bugbot_urdf_description' build argument 'ament_cmake_args' from command line to 'None'
[0.325s] Level 5:colcon.colcon_core.verb:set package 'bugbot_urdf_description' build argument 'catkin_cmake_args' from command line to 'None'
[0.325s] Level 5:colcon.colcon_core.verb:set package 'bugbot_urdf_description' build argument 'catkin_skip_building_tests' from command line to 'False'
[0.326s] DEBUG:colcon.colcon_core.verb:Building package 'bugbot_urdf_description' with the following arguments: {'ament_cmake_args': None, 'build_base': '/home/owais/CAS/CAS_project/build/bugbot_urdf_description', 'catkin_cmake_args': None, 'catkin_skip_building_tests': False, 'cmake_args': None, 'cmake_clean_cache': False, 'cmake_clean_first': False, 'cmake_force_configure': False, 'cmake_target': None, 'cmake_target_skip_unavailable': False, 'install_base': '/home/owais/CAS/CAS_project/install/bugbot_urdf_description', 'merge_install': False, 'path': '/home/owais/CAS/CAS_project/src/bugbot_urdf_description', 'symlink_install': False, 'test_result_base': None}
[0.330s] Level 5:colcon.colcon_core.verb:set package 'cpp_pubsub' build argument 'cmake_args' from command line to 'None'
[0.330s] Level 5:colcon.colcon_core.verb:set package 'cpp_pubsub' build argument 'cmake_target' from command line to 'None'
[0.330s] Level 5:colcon.colcon_core.verb:set package 'cpp_pubsub' build argument 'cmake_target_skip_unavailable' from command line to 'False'
[0.330s] Level 5:colcon.colcon_core.verb:set package 'cpp_pubsub' build argument 'cmake_clean_cache' from command line to 'False'
[0.330s] Level 5:colcon.colcon_core.verb:set package 'cpp_pubsub' build argument 'cmake_clean_first' from command line to 'False'
[0.331s] Level 5:colcon.colcon_core.verb:set package 'cpp_pubsub' build argument 'cmake_force_configure' from command line to 'False'
[0.331s] Level 5:colcon.colcon_core.verb:set package 'cpp_pubsub' build argument 'ament_cmake_args' from command line to 'None'
[0.331s] Level 5:colcon.colcon_core.verb:set package 'cpp_pubsub' build argument 'catkin_cmake_args' from command line to 'None'
[0.331s] Level 5:colcon.colcon_core.verb:set package 'cpp_pubsub' build argument 'catkin_skip_building_tests' from command line to 'False'
[0.331s] DEBUG:colcon.colcon_core.verb:Building package 'cpp_pubsub' with the following arguments: {'ament_cmake_args': None, 'build_base': '/home/owais/CAS/CAS_project/build/cpp_pubsub', 'catkin_cmake_args': None, 'catkin_skip_building_tests': False, 'cmake_args': None, 'cmake_clean_cache': False, 'cmake_clean_first': False, 'cmake_force_configure': False, 'cmake_target': None, 'cmake_target_skip_unavailable': False, 'install_base': '/home/owais/CAS/CAS_project/install/cpp_pubsub', 'merge_install': False, 'path': '/home/owais/CAS/CAS_project/src/cpp_pubsub', 'symlink_install': False, 'test_result_base': None}
[0.335s] Level 5:colcon.colcon_core.verb:set package 'sensor_fusion' build argument 'cmake_args' from command line to 'None'
[0.335s] Level 5:colcon.colcon_core.verb:set package 'sensor_fusion' build argument 'cmake_target' from command line to 'None'
[0.335s] Level 5:colcon.colcon_core.verb:set package 'sensor_fusion' build argument 'cmake_target_skip_unavailable' from command line to 'False'
[0.335s] Level 5:colcon.colcon_core.verb:set package 'sensor_fusion' build argument 'cmake_clean_cache' from command line to 'False'
[0.336s] Level 5:colcon.colcon_core.verb:set package 'sensor_fusion' build argument 'cmake_clean_first' from command line to 'False'
[0.336s] Level 5:colcon.colcon_core.verb:set package 'sensor_fusion' build argument 'cmake_force_configure' from command line to 'False'
[0.336s] Level 5:colcon.colcon_core.verb:set package 'sensor_fusion' build argument 'ament_cmake_args' from command line to 'None'
[0.336s] Level 5:colcon.colcon_core.verb:set package 'sensor_fusion' build argument 'catkin_cmake_args' from command line to 'None'
[0.336s] Level 5:colcon.colcon_core.verb:set package 'sensor_fusion' build argument 'catkin_skip_building_tests' from command line to 'False'
[0.336s] DEBUG:colcon.colcon_core.verb:Building package 'sensor_fusion' with the following arguments: {'ament_cmake_args': None, 'build_base': '/home/owais/CAS/CAS_project/build/sensor_fusion', 'catkin_cmake_args': None, 'catkin_skip_building_tests': False, 'cmake_args': None, 'cmake_clean_cache': False, 'cmake_clean_first': False, 'cmake_force_configure': False, 'cmake_target': None, 'cmake_target_skip_unavailable': False, 'install_base': '/home/owais/CAS/CAS_project/install/sensor_fusion', 'merge_install': False, 'path': '/home/owais/CAS/CAS_project/src/sensor_fusion', 'symlink_install': False, 'test_result_base': None}
[0.336s] INFO:colcon.colcon_core.executor:Executing jobs using 'parallel' executor
[0.339s] DEBUG:colcon.colcon_parallel_executor.executor.parallel:run_until_complete
[0.340s] INFO:colcon.colcon_ros.task.ament_python.build:Building ROS package in '/home/owais/CAS/CAS_project/src/bugbot_urdf_description' with build type 'ament_python'
[0.340s] Level 1:colcon.colcon_core.shell:create_environment_hook('bugbot_urdf_description', 'ament_prefix_path')
[0.345s] INFO:colcon.colcon_core.plugin_system:Skipping extension 'colcon_core.shell.bat': Not used on non-Windows systems
[0.346s] INFO:colcon.colcon_core.shell:Creating environment hook '/home/owais/CAS/CAS_project/install/bugbot_urdf_description/share/bugbot_urdf_description/hook/ament_prefix_path.ps1'
[0.347s] INFO:colcon.colcon_core.shell:Creating environment descriptor '/home/owais/CAS/CAS_project/install/bugbot_urdf_description/share/bugbot_urdf_description/hook/ament_prefix_path.dsv'
[0.347s] INFO:colcon.colcon_core.shell:Creating environment hook '/home/owais/CAS/CAS_project/install/bugbot_urdf_description/share/bugbot_urdf_description/hook/ament_prefix_path.sh'
[0.349s] INFO:colcon.colcon_core.shell:Skip shell extension 'powershell' for command environment: Not usable outside of PowerShell
[0.349s] DEBUG:colcon.colcon_core.shell:Skip shell extension 'dsv' for command environment
[0.353s] DEBUG:colcon.colcon_core.shell:Ignoring prefix path '/opt/ros/foxy'
[0.357s] INFO:colcon.colcon_ros.task.ament_cmake.build:Building ROS package in '/home/owais/CAS/CAS_project/src/cpp_pubsub' with build type 'ament_cmake'
[0.357s] INFO:colcon.colcon_cmake.task.cmake.build:Building CMake package in '/home/owais/CAS/CAS_project/src/cpp_pubsub'
[0.359s] INFO:colcon.colcon_core.shell:Skip shell extension 'powershell' for command environment: Not usable outside of PowerShell
[0.359s] DEBUG:colcon.colcon_core.shell:Skip shell extension 'dsv' for command environment
[0.363s] DEBUG:colcon.colcon_core.shell:Ignoring prefix path '/opt/ros/foxy'
[0.365s] INFO:colcon.colcon_ros.task.ament_python.build:Building ROS package in '/home/owais/CAS/CAS_project/src/sensor_fusion' with build type 'ament_python'
[0.366s] Level 1:colcon.colcon_core.shell:create_environment_hook('sensor_fusion', 'ament_prefix_path')
[0.367s] INFO:colcon.colcon_core.shell:Creating environment hook '/home/owais/CAS/CAS_project/install/sensor_fusion/share/sensor_fusion/hook/ament_prefix_path.ps1'
[0.368s] INFO:colcon.colcon_core.shell:Creating environment descriptor '/home/owais/CAS/CAS_project/install/sensor_fusion/share/sensor_fusion/hook/ament_prefix_path.dsv'
[0.369s] INFO:colcon.colcon_core.shell:Creating environment hook '/home/owais/CAS/CAS_project/install/sensor_fusion/share/sensor_fusion/hook/ament_prefix_path.sh'
[0.370s] INFO:colcon.colcon_core.shell:Skip shell extension 'powershell' for command environment: Not usable outside of PowerShell
[0.371s] DEBUG:colcon.colcon_core.shell:Skip shell extension 'dsv' for command environment
[0.374s] DEBUG:colcon.colcon_core.shell:Ignoring prefix path '/opt/ros/foxy'
[0.713s] INFO:colcon.colcon_core.task.python.build:Building Python package in '/home/owais/CAS/CAS_project/src/bugbot_urdf_description'
[0.715s] INFO:colcon.colcon_core.shell:Skip shell extension 'powershell' for command environment: Not usable outside of PowerShell
[0.715s] DEBUG:colcon.colcon_core.shell:Skip shell extension 'dsv' for command environment
[0.718s] DEBUG:colcon.colcon_core.shell:Ignoring prefix path '/opt/ros/foxy'
[0.725s] DEBUG:colcon.colcon_core.event_handler.log_command:Invoking command in '/home/owais/CAS/CAS_project/build/cpp_pubsub': CMAKE_PREFIX_PATH=${CMAKE_PREFIX_PATH}:/home/owais/CAS/CAS_project/install/sensor_fusion:/home/owais/CAS/CAS_project/install/bugbot_urdf_description:/opt/ros/foxy /usr/bin/cmake --build /home/owais/CAS/CAS_project/build/cpp_pubsub -- -j4 -l4
[1.053s] INFO:colcon.colcon_core.task.python.build:Building Python package in '/home/owais/CAS/CAS_project/src/sensor_fusion'
[1.054s] INFO:colcon.colcon_core.shell:Skip shell extension 'powershell' for command environment: Not usable outside of PowerShell
[1.054s] DEBUG:colcon.colcon_core.shell:Skip shell extension 'dsv' for command environment
[1.057s] DEBUG:colcon.colcon_core.shell:Ignoring prefix path '/opt/ros/foxy'
[1.066s] DEBUG:colcon.colcon_core.event_handler.log_command:Invoked command in '/home/owais/CAS/CAS_project/build/cpp_pubsub' returned '0': CMAKE_PREFIX_PATH=${CMAKE_PREFIX_PATH}:/home/owais/CAS/CAS_project/install/sensor_fusion:/home/owais/CAS/CAS_project/install/bugbot_urdf_description:/opt/ros/foxy /usr/bin/cmake --build /home/owais/CAS/CAS_project/build/cpp_pubsub -- -j4 -l4
[1.072s] DEBUG:colcon.colcon_core.event_handler.log_command:Invoking command in '/home/owais/CAS/CAS_project/src/bugbot_urdf_description': PYTHONPATH=/home/owais/CAS/CAS_project/install/bugbot_urdf_description/lib/python3.8/site-packages:${PYTHONPATH} /usr/bin/python3 setup.py egg_info --egg-base ../../build/bugbot_urdf_description build --build-base /home/owais/CAS/CAS_project/build/bugbot_urdf_description/build install --prefix /home/owais/CAS/CAS_project/install/bugbot_urdf_description --record /home/owais/CAS/CAS_project/build/bugbot_urdf_description/install.log --single-version-externally-managed
[1.077s] DEBUG:colcon.colcon_core.event_handler.log_command:Invoking command in '/home/owais/CAS/CAS_project/src/sensor_fusion': PYTHONPATH=/home/owais/CAS/CAS_project/install/sensor_fusion/lib/python3.8/site-packages:${PYTHONPATH} /usr/bin/python3 setup.py egg_info --egg-base ../../build/sensor_fusion build --build-base /home/owais/CAS/CAS_project/build/sensor_fusion/build install --prefix /home/owais/CAS/CAS_project/install/sensor_fusion --record /home/owais/CAS/CAS_project/build/sensor_fusion/install.log --single-version-externally-managed
[1.114s] DEBUG:colcon.colcon_core.event_handler.log_command:Invoking command in '/home/owais/CAS/CAS_project/build/cpp_pubsub': CMAKE_PREFIX_PATH=${CMAKE_PREFIX_PATH}:/home/owais/CAS/CAS_project/install/sensor_fusion:/home/owais/CAS/CAS_project/install/bugbot_urdf_description:/opt/ros/foxy /usr/bin/cmake --install /home/owais/CAS/CAS_project/build/cpp_pubsub
[1.127s] Level 1:colcon.colcon_core.environment:create_environment_scripts_only(cpp_pubsub)
[1.129s] DEBUG:colcon.colcon_core.event_handler.log_command:Invoked command in '/home/owais/CAS/CAS_project/build/cpp_pubsub' returned '0': CMAKE_PREFIX_PATH=${CMAKE_PREFIX_PATH}:/home/owais/CAS/CAS_project/install/sensor_fusion:/home/owais/CAS/CAS_project/install/bugbot_urdf_description:/opt/ros/foxy /usr/bin/cmake --install /home/owais/CAS/CAS_project/build/cpp_pubsub
[1.133s] Level 1:colcon.colcon_core.environment:checking '/home/owais/CAS/CAS_project/install/cpp_pubsub' for CMake module files
[1.134s] Level 1:colcon.colcon_core.environment:checking '/home/owais/CAS/CAS_project/install/cpp_pubsub' for CMake config files
[1.134s] Level 1:colcon.colcon_core.shell:create_environment_hook('cpp_pubsub', 'cmake_prefix_path')
[1.135s] INFO:colcon.colcon_core.shell:Creating environment hook '/home/owais/CAS/CAS_project/install/cpp_pubsub/share/cpp_pubsub/hook/cmake_prefix_path.ps1'
[1.136s] INFO:colcon.colcon_core.shell:Creating environment descriptor '/home/owais/CAS/CAS_project/install/cpp_pubsub/share/cpp_pubsub/hook/cmake_prefix_path.dsv'
[1.136s] INFO:colcon.colcon_core.shell:Creating environment hook '/home/owais/CAS/CAS_project/install/cpp_pubsub/share/cpp_pubsub/hook/cmake_prefix_path.sh'
[1.137s] Level 1:colcon.colcon_core.environment:checking '/home/owais/CAS/CAS_project/install/cpp_pubsub/lib'
[1.138s] Level 1:colcon.colcon_core.environment:checking '/home/owais/CAS/CAS_project/install/cpp_pubsub/bin'
[1.138s] Level 1:colcon.colcon_core.environment:checking '/home/owais/CAS/CAS_project/install/cpp_pubsub/lib/pkgconfig/cpp_pubsub.pc'
[1.138s] Level 1:colcon.colcon_core.environment:checking '/home/owais/CAS/CAS_project/install/cpp_pubsub/lib/python3.8/site-packages'
[1.139s] INFO:colcon.colcon_core.shell:Creating package script '/home/owais/CAS/CAS_project/install/cpp_pubsub/share/cpp_pubsub/package.ps1'
[1.141s] INFO:colcon.colcon_core.shell:Creating package descriptor '/home/owais/CAS/CAS_project/install/cpp_pubsub/share/cpp_pubsub/package.dsv'
[1.142s] INFO:colcon.colcon_core.shell:Creating package script '/home/owais/CAS/CAS_project/install/cpp_pubsub/share/cpp_pubsub/package.sh'
[1.143s] INFO:colcon.colcon_core.shell:Creating package script '/home/owais/CAS/CAS_project/install/cpp_pubsub/share/cpp_pubsub/package.bash'
[1.145s] INFO:colcon.colcon_core.shell:Creating package script '/home/owais/CAS/CAS_project/install/cpp_pubsub/share/cpp_pubsub/package.zsh'
[1.146s] Level 1:colcon.colcon_core.environment:create_file_with_runtime_dependencies(/home/owais/CAS/CAS_project/install/cpp_pubsub/share/colcon-core/packages/cpp_pubsub)
[1.184s] Level 1:colcon.colcon_core.environment:create_environment_scripts_only(cpp_pubsub)
[1.186s] Level 1:colcon.colcon_core.environment:checking '/home/owais/CAS/CAS_project/install/cpp_pubsub' for CMake module files
[1.187s] Level 1:colcon.colcon_core.environment:checking '/home/owais/CAS/CAS_project/install/cpp_pubsub' for CMake config files
[1.188s] Level 1:colcon.colcon_core.shell:create_environment_hook('cpp_pubsub', 'cmake_prefix_path')
[1.189s] INFO:colcon.colcon_core.shell:Creating environment hook '/home/owais/CAS/CAS_project/install/cpp_pubsub/share/cpp_pubsub/hook/cmake_prefix_path.ps1'
[1.192s] INFO:colcon.colcon_core.shell:Creating environment descriptor '/home/owais/CAS/CAS_project/install/cpp_pubsub/share/cpp_pubsub/hook/cmake_prefix_path.dsv'
[1.194s] INFO:colcon.colcon_core.shell:Creating environment hook '/home/owais/CAS/CAS_project/install/cpp_pubsub/share/cpp_pubsub/hook/cmake_prefix_path.sh'
[1.196s] Level 1:colcon.colcon_core.environment:checking '/home/owais/CAS/CAS_project/install/cpp_pubsub/lib'
[1.197s] Level 1:colcon.colcon_core.environment:checking '/home/owais/CAS/CAS_project/install/cpp_pubsub/bin'
[1.198s] Level 1:colcon.colcon_core.environment:checking '/home/owais/CAS/CAS_project/install/cpp_pubsub/lib/pkgconfig/cpp_pubsub.pc'
[1.198s] Level 1:colcon.colcon_core.environment:checking '/home/owais/CAS/CAS_project/install/cpp_pubsub/lib/python3.8/site-packages'
[1.200s] INFO:colcon.colcon_core.shell:Creating package script '/home/owais/CAS/CAS_project/install/cpp_pubsub/share/cpp_pubsub/package.ps1'
[1.203s] INFO:colcon.colcon_core.shell:Creating package descriptor '/home/owais/CAS/CAS_project/install/cpp_pubsub/share/cpp_pubsub/package.dsv'
[1.207s] INFO:colcon.colcon_core.shell:Creating package script '/home/owais/CAS/CAS_project/install/cpp_pubsub/share/cpp_pubsub/package.sh'
[1.209s] INFO:colcon.colcon_core.shell:Creating package script '/home/owais/CAS/CAS_project/install/cpp_pubsub/share/cpp_pubsub/package.bash'
[1.210s] INFO:colcon.colcon_core.shell:Creating package script '/home/owais/CAS/CAS_project/install/cpp_pubsub/share/cpp_pubsub/package.zsh'
[1.210s] Level 1:colcon.colcon_core.environment:create_file_with_runtime_dependencies(/home/owais/CAS/CAS_project/install/cpp_pubsub/share/colcon-core/packages/cpp_pubsub)
[1.564s] Level 1:colcon.colcon_core.environment:checking '/home/owais/CAS/CAS_project/install/sensor_fusion' for CMake module files
[1.565s] DEBUG:colcon.colcon_core.event_handler.log_command:Invoked command in '/home/owais/CAS/CAS_project/src/sensor_fusion' returned '0': PYTHONPATH=/home/owais/CAS/CAS_project/install/sensor_fusion/lib/python3.8/site-packages:${PYTHONPATH} /usr/bin/python3 setup.py egg_info --egg-base ../../build/sensor_fusion build --build-base /home/owais/CAS/CAS_project/build/sensor_fusion/build install --prefix /home/owais/CAS/CAS_project/install/sensor_fusion --record /home/owais/CAS/CAS_project/build/sensor_fusion/install.log --single-version-externally-managed
[1.566s] Level 1:colcon.colcon_core.environment:checking '/home/owais/CAS/CAS_project/install/sensor_fusion' for CMake config files
[1.567s] Level 1:colcon.colcon_core.environment:checking '/home/owais/CAS/CAS_project/install/sensor_fusion/lib'
[1.567s] Level 1:colcon.colcon_core.environment:checking '/home/owais/CAS/CAS_project/install/sensor_fusion/bin'
[1.567s] Level 1:colcon.colcon_core.environment:checking '/home/owais/CAS/CAS_project/install/sensor_fusion/lib/pkgconfig/sensor_fusion.pc'
[1.567s] Level 1:colcon.colcon_core.environment:checking '/home/owais/CAS/CAS_project/install/sensor_fusion/lib/python3.8/site-packages'
[1.567s] Level 1:colcon.colcon_core.shell:create_environment_hook('sensor_fusion', 'pythonpath')
[1.568s] INFO:colcon.colcon_core.shell:Creating environment hook '/home/owais/CAS/CAS_project/install/sensor_fusion/share/sensor_fusion/hook/pythonpath.ps1'
[1.569s] INFO:colcon.colcon_core.shell:Creating environment descriptor '/home/owais/CAS/CAS_project/install/sensor_fusion/share/sensor_fusion/hook/pythonpath.dsv'
[1.569s] INFO:colcon.colcon_core.shell:Creating environment hook '/home/owais/CAS/CAS_project/install/sensor_fusion/share/sensor_fusion/hook/pythonpath.sh'
[1.570s] Level 1:colcon.colcon_core.environment:create_environment_scripts_only(sensor_fusion)
[1.571s] INFO:colcon.colcon_core.shell:Creating package script '/home/owais/CAS/CAS_project/install/sensor_fusion/share/sensor_fusion/package.ps1'
[1.572s] INFO:colcon.colcon_core.shell:Creating package descriptor '/home/owais/CAS/CAS_project/install/sensor_fusion/share/sensor_fusion/package.dsv'
[1.572s] INFO:colcon.colcon_core.shell:Creating package script '/home/owais/CAS/CAS_project/install/sensor_fusion/share/sensor_fusion/package.sh'
[1.573s] INFO:colcon.colcon_core.shell:Creating package script '/home/owais/CAS/CAS_project/install/sensor_fusion/share/sensor_fusion/package.bash'
[1.573s] INFO:colcon.colcon_core.shell:Creating package script '/home/owais/CAS/CAS_project/install/sensor_fusion/share/sensor_fusion/package.zsh'
[1.574s] Level 1:colcon.colcon_core.environment:create_file_with_runtime_dependencies(/home/owais/CAS/CAS_project/install/sensor_fusion/share/colcon-core/packages/sensor_fusion)
[1.578s] Level 1:colcon.colcon_core.environment:checking '/home/owais/CAS/CAS_project/install/bugbot_urdf_description' for CMake module files
[1.579s] DEBUG:colcon.colcon_core.event_handler.log_command:Invoked command in '/home/owais/CAS/CAS_project/src/bugbot_urdf_description' returned '0': PYTHONPATH=/home/owais/CAS/CAS_project/install/bugbot_urdf_description/lib/python3.8/site-packages:${PYTHONPATH} /usr/bin/python3 setup.py egg_info --egg-base ../../build/bugbot_urdf_description build --build-base /home/owais/CAS/CAS_project/build/bugbot_urdf_description/build install --prefix /home/owais/CAS/CAS_project/install/bugbot_urdf_description --record /home/owais/CAS/CAS_project/build/bugbot_urdf_description/install.log --single-version-externally-managed
[1.580s] Level 1:colcon.colcon_core.environment:checking '/home/owais/CAS/CAS_project/install/bugbot_urdf_description' for CMake config files
[1.580s] Level 1:colcon.colcon_core.environment:checking '/home/owais/CAS/CAS_project/install/bugbot_urdf_description/lib'
[1.580s] Level 1:colcon.colcon_core.environment:checking '/home/owais/CAS/CAS_project/install/bugbot_urdf_description/bin'
[1.580s] Level 1:colcon.colcon_core.environment:checking '/home/owais/CAS/CAS_project/install/bugbot_urdf_description/lib/pkgconfig/bugbot_urdf_description.pc'
[1.581s] Level 1:colcon.colcon_core.environment:checking '/home/owais/CAS/CAS_project/install/bugbot_urdf_description/lib/python3.8/site-packages'
[1.581s] Level 1:colcon.colcon_core.shell:create_environment_hook('bugbot_urdf_description', 'pythonpath')
[1.582s] INFO:colcon.colcon_core.shell:Creating environment hook '/home/owais/CAS/CAS_project/install/bugbot_urdf_description/share/bugbot_urdf_description/hook/pythonpath.ps1'
[1.582s] INFO:colcon.colcon_core.shell:Creating environment descriptor '/home/owais/CAS/CAS_project/install/bugbot_urdf_description/share/bugbot_urdf_description/hook/pythonpath.dsv'
[1.583s] INFO:colcon.colcon_core.shell:Creating environment hook '/home/owais/CAS/CAS_project/install/bugbot_urdf_description/share/bugbot_urdf_description/hook/pythonpath.sh'
[1.583s] Level 1:colcon.colcon_core.environment:create_environment_scripts_only(bugbot_urdf_description)
[1.584s] INFO:colcon.colcon_core.shell:Creating package script '/home/owais/CAS/CAS_project/install/bugbot_urdf_description/share/bugbot_urdf_description/package.ps1'
[1.585s] INFO:colcon.colcon_core.shell:Creating package descriptor '/home/owais/CAS/CAS_project/install/bugbot_urdf_description/share/bugbot_urdf_description/package.dsv'
[1.586s] INFO:colcon.colcon_core.shell:Creating package script '/home/owais/CAS/CAS_project/install/bugbot_urdf_description/share/bugbot_urdf_description/package.sh'
[1.586s] INFO:colcon.colcon_core.shell:Creating package script '/home/owais/CAS/CAS_project/install/bugbot_urdf_description/share/bugbot_urdf_description/package.bash'
[1.587s] INFO:colcon.colcon_core.shell:Creating package script '/home/owais/CAS/CAS_project/install/bugbot_urdf_description/share/bugbot_urdf_description/package.zsh'
[1.587s] Level 1:colcon.colcon_core.environment:create_file_with_runtime_dependencies(/home/owais/CAS/CAS_project/install/bugbot_urdf_description/share/colcon-core/packages/bugbot_urdf_description)
[1.587s] DEBUG:colcon.colcon_parallel_executor.executor.parallel:closing loop
[1.588s] DEBUG:colcon.colcon_parallel_executor.executor.parallel:loop closed
[1.588s] DEBUG:colcon.colcon_parallel_executor.executor.parallel:run_until_complete finished with '0'
[1.588s] DEBUG:colcon.colcon_core.event_reactor:joining thread
[1.599s] INFO:colcon.colcon_core.plugin_system:Skipping extension 'colcon_notification.desktop_notification.terminal_notifier': Not used on non-Darwin systems
[1.599s] INFO:colcon.colcon_core.plugin_system:Skipping extension 'colcon_notification.desktop_notification.win32': Not used on non-Windows systems
[1.599s] INFO:colcon.colcon_notification.desktop_notification:Sending desktop notification using 'notify2'
[1.624s] DEBUG:colcon.colcon_core.event_reactor:joined thread
[1.625s] INFO:colcon.colcon_core.shell:Creating prefix script '/home/owais/CAS/CAS_project/install/local_setup.ps1'
[1.627s] INFO:colcon.colcon_core.shell:Creating prefix util module '/home/owais/CAS/CAS_project/install/_local_setup_util_ps1.py'
[1.630s] INFO:colcon.colcon_core.shell:Creating prefix chain script '/home/owais/CAS/CAS_project/install/setup.ps1'
[1.634s] INFO:colcon.colcon_core.shell:Creating prefix script '/home/owais/CAS/CAS_project/install/local_setup.sh'
[1.635s] INFO:colcon.colcon_core.shell:Creating prefix util module '/home/owais/CAS/CAS_project/install/_local_setup_util_sh.py'
[1.635s] INFO:colcon.colcon_core.shell:Creating prefix chain script '/home/owais/CAS/CAS_project/install/setup.sh'
[1.640s] INFO:colcon.colcon_core.shell:Creating prefix script '/home/owais/CAS/CAS_project/install/local_setup.bash'
[1.641s] INFO:colcon.colcon_core.shell:Creating prefix chain script '/home/owais/CAS/CAS_project/install/setup.bash'
[1.645s] INFO:colcon.colcon_core.shell:Creating prefix script '/home/owais/CAS/CAS_project/install/local_setup.zsh'
[1.646s] INFO:colcon.colcon_core.shell:Creating prefix chain script '/home/owais/CAS/CAS_project/install/setup.zsh'
