[0.495s] Invoking command in '/home/owais/CAS/CAS_project/build/cpp_pubsub': /usr/bin/cmake /home/owais/CAS/CAS_project/src/cpp_pubsub -DAMENT_CMAKE_SYMLINK_INSTALL=1 -DCMAKE_INSTALL_PREFIX=/home/owais/CAS/CAS_project/install/cpp_pubsub
[0.625s] -- Found ament_cmake: 0.9.7 (/opt/ros/foxy/share/ament_cmake/cmake)
[0.655s] -- Using PYTHON_EXECUTABLE: /usr/bin/python3
[0.926s] Traceback (most recent call last):
[0.927s]   File "/opt/ros/foxy/share/ament_cmake_core/cmake/package_templates/templates_2_cmake.py", line 21, in <module>
[0.927s]     from ament_package.templates import get_environment_hook_template_path
[0.927s] ModuleNotFoundError: No module named 'ament_package'
[0.958s] CMake Error at /opt/ros/foxy/share/ament_cmake_core/cmake/ament_cmake_package_templates-extras.cmake:41 (message):
[0.958s]   execute_process(/usr/bin/python3
[0.958s]   /opt/ros/foxy/share/ament_cmake_core/cmake/package_templates/templates_2_cmake.py
[0.958s]   /home/owais/CAS/CAS_project/build/cpp_pubsub/ament_cmake_package_templates/templates.cmake)
[0.958s]   returned error code 1
[0.958s] Call Stack (most recent call first):
[0.959s]   /opt/ros/foxy/share/ament_cmake_core/cmake/ament_cmake_coreConfig.cmake:41 (include)
[0.959s]   /opt/ros/foxy/share/ament_cmake/cmake/ament_cmake_export_dependencies-extras.cmake:15 (find_package)
[0.959s]   /opt/ros/foxy/share/ament_cmake/cmake/ament_cmakeConfig.cmake:41 (include)
[0.959s]   CMakeLists.txt:19 (find_package)
[0.959s] 
[0.959s] 
[0.959s] -- Configuring incomplete, errors occurred!
[0.959s] See also "/home/owais/CAS/CAS_project/build/cpp_pubsub/CMakeFiles/CMakeOutput.log".
[0.960s] See also "/home/owais/CAS/CAS_project/build/cpp_pubsub/CMakeFiles/CMakeError.log".
[0.993s] Invoked command in '/home/owais/CAS/CAS_project/build/cpp_pubsub' returned '1': /usr/bin/cmake /home/owais/CAS/CAS_project/src/cpp_pubsub -DAMENT_CMAKE_SYMLINK_INSTALL=1 -DCMAKE_INSTALL_PREFIX=/home/owais/CAS/CAS_project/install/cpp_pubsub
