[0.382s] Invoking command in '/home/owais/CAS/CAS_project/build/cpp_pubsub': CMAKE_PREFIX_PATH=${CMAKE_PREFIX_PATH}:/home/owais/CAS/CAS_project/install/sensor_fusion:/home/owais/CAS/CAS_project/install/bugbot_urdf_description:/opt/ros/foxy /usr/bin/cmake --build /home/owais/CAS/CAS_project/build/cpp_pubsub -- -j4 -l4
[0.460s] [ 50%] Built target listener
[0.463s] [100%] Built target talker
[0.763s] Invoked command in '/home/owais/CAS/CAS_project/build/cpp_pubsub' returned '0': CMAKE_PREFIX_PATH=${CMAKE_PREFIX_PATH}:/home/owais/CAS/CAS_project/install/sensor_fusion:/home/owais/CAS/CAS_project/install/bugbot_urdf_description:/opt/ros/foxy /usr/bin/cmake --build /home/owais/CAS/CAS_project/build/cpp_pubsub -- -j4 -l4
[0.810s] Invoking command in '/home/owais/CAS/CAS_project/build/cpp_pubsub': CMAKE_PREFIX_PATH=${CMAKE_PREFIX_PATH}:/home/owais/CAS/CAS_project/install/sensor_fusion:/home/owais/CAS/CAS_project/install/bugbot_urdf_description:/opt/ros/foxy /usr/bin/cmake --install /home/owais/CAS/CAS_project/build/cpp_pubsub
[0.823s] -- Install configuration: ""
[0.829s] -- Up-to-date: /home/owais/CAS/CAS_project/install/cpp_pubsub/lib/cpp_pubsub/talker
[0.829s] -- Up-to-date: /home/owais/CAS/CAS_project/install/cpp_pubsub/lib/cpp_pubsub/listener
[0.829s] -- Up-to-date: /home/owais/CAS/CAS_project/install/cpp_pubsub/share/ament_index/resource_index/package_run_dependencies/cpp_pubsub
[0.829s] -- Up-to-date: /home/owais/CAS/CAS_project/install/cpp_pubsub/share/ament_index/resource_index/parent_prefix_path/cpp_pubsub
[0.829s] -- Up-to-date: /home/owais/CAS/CAS_project/install/cpp_pubsub/share/cpp_pubsub/environment/ament_prefix_path.sh
[0.829s] -- Up-to-date: /home/owais/CAS/CAS_project/install/cpp_pubsub/share/cpp_pubsub/environment/ament_prefix_path.dsv
[0.830s] -- Up-to-date: /home/owais/CAS/CAS_project/install/cpp_pubsub/share/cpp_pubsub/environment/path.sh
[0.830s] -- Up-to-date: /home/owais/CAS/CAS_project/install/cpp_pubsub/share/cpp_pubsub/environment/path.dsv
[0.830s] -- Up-to-date: /home/owais/CAS/CAS_project/install/cpp_pubsub/share/cpp_pubsub/local_setup.bash
[0.830s] -- Up-to-date: /home/owais/CAS/CAS_project/install/cpp_pubsub/share/cpp_pubsub/local_setup.sh
[0.830s] -- Up-to-date: /home/owais/CAS/CAS_project/install/cpp_pubsub/share/cpp_pubsub/local_setup.zsh
[0.830s] -- Up-to-date: /home/owais/CAS/CAS_project/install/cpp_pubsub/share/cpp_pubsub/local_setup.dsv
[0.831s] -- Installing: /home/owais/CAS/CAS_project/install/cpp_pubsub/share/cpp_pubsub/package.dsv
[0.831s] -- Up-to-date: /home/owais/CAS/CAS_project/install/cpp_pubsub/share/ament_index/resource_index/packages/cpp_pubsub
[0.831s] -- Up-to-date: /home/owais/CAS/CAS_project/install/cpp_pubsub/share/cpp_pubsub/cmake/cpp_pubsubConfig.cmake
[0.831s] -- Up-to-date: /home/owais/CAS/CAS_project/install/cpp_pubsub/share/cpp_pubsub/cmake/cpp_pubsubConfig-version.cmake
[0.831s] -- Up-to-date: /home/owais/CAS/CAS_project/install/cpp_pubsub/share/cpp_pubsub/package.xml
[0.835s] Invoked command in '/home/owais/CAS/CAS_project/build/cpp_pubsub' returned '0': CMAKE_PREFIX_PATH=${CMAKE_PREFIX_PATH}:/home/owais/CAS/CAS_project/install/sensor_fusion:/home/owais/CAS/CAS_project/install/bugbot_urdf_description:/opt/ros/foxy /usr/bin/cmake --install /home/owais/CAS/CAS_project/build/cpp_pubsub
