[0.738s] Invoking command in '/home/owais/CAS/CAS_project/src/sensor_fusion': PYTHONPATH=/home/owais/CAS/CAS_project/install/sensor_fusion/lib/python3.8/site-packages:${PYTHONPATH} /usr/bin/python3 setup.py egg_info --egg-base ../../build/sensor_fusion build --build-base /home/owais/CAS/CAS_project/build/sensor_fusion/build install --prefix /home/owais/CAS/CAS_project/install/sensor_fusion --record /home/owais/CAS/CAS_project/build/sensor_fusion/install.log --single-version-externally-managed
[1.084s] running egg_info
[1.085s] writing ../../build/sensor_fusion/sensor_fusion.egg-info/PKG-INFO
[1.086s] writing dependency_links to ../../build/sensor_fusion/sensor_fusion.egg-info/dependency_links.txt
[1.086s] writing entry points to ../../build/sensor_fusion/sensor_fusion.egg-info/entry_points.txt
[1.087s] writing requirements to ../../build/sensor_fusion/sensor_fusion.egg-info/requires.txt
[1.087s] writing top-level names to ../../build/sensor_fusion/sensor_fusion.egg-info/top_level.txt
[1.151s] reading manifest file '../../build/sensor_fusion/sensor_fusion.egg-info/SOURCES.txt'
[1.153s] writing manifest file '../../build/sensor_fusion/sensor_fusion.egg-info/SOURCES.txt'
[1.154s] running build
[1.154s] running build_py
[1.154s] copying sensor_fusion/kalman.py -> /home/owais/CAS/CAS_project/build/sensor_fusion/build/lib/sensor_fusion
[1.155s] running install
[1.156s] running install_lib
[1.158s] copying /home/owais/CAS/CAS_project/build/sensor_fusion/build/lib/sensor_fusion/kalman.py -> /home/owais/CAS/CAS_project/install/sensor_fusion/lib/python3.8/site-packages/sensor_fusion
[1.159s] byte-compiling /home/owais/CAS/CAS_project/install/sensor_fusion/lib/python3.8/site-packages/sensor_fusion/kalman.py to kalman.cpython-38.pyc
[1.161s] running install_data
[1.162s] running install_egg_info
[1.165s] removing '/home/owais/CAS/CAS_project/install/sensor_fusion/lib/python3.8/site-packages/sensor_fusion-0.0.0-py3.8.egg-info' (and everything under it)
[1.165s] Copying ../../build/sensor_fusion/sensor_fusion.egg-info to /home/owais/CAS/CAS_project/install/sensor_fusion/lib/python3.8/site-packages/sensor_fusion-0.0.0-py3.8.egg-info
[1.167s] running install_scripts
[1.195s] Installing kalman script to /home/owais/CAS/CAS_project/install/sensor_fusion/lib/sensor_fusion
[1.196s] writing list of installed files to '/home/owais/CAS/CAS_project/build/sensor_fusion/install.log'
[1.237s] Invoked command in '/home/owais/CAS/CAS_project/src/sensor_fusion' returned '0': PYTHONPATH=/home/owais/CAS/CAS_project/install/sensor_fusion/lib/python3.8/site-packages:${PYTHONPATH} /usr/bin/python3 setup.py egg_info --egg-base ../../build/sensor_fusion build --build-base /home/owais/CAS/CAS_project/build/sensor_fusion/build install --prefix /home/owais/CAS/CAS_project/install/sensor_fusion --record /home/owais/CAS/CAS_project/build/sensor_fusion/install.log --single-version-externally-managed
