/home/owais/CAS/CAS_project/install/bugbot_urdf_description/lib/python3.8/site-packages/bugbot_urdf_description/__init__.py
/home/owais/CAS/CAS_project/install/bugbot_urdf_description/lib/python3.8/site-packages/bugbot_urdf_description/state_publisher.py
/home/owais/CAS/CAS_project/install/bugbot_urdf_description/lib/python3.8/site-packages/bugbot_urdf_description/__pycache__/__init__.cpython-38.pyc
/home/owais/CAS/CAS_project/install/bugbot_urdf_description/lib/python3.8/site-packages/bugbot_urdf_description/__pycache__/state_publisher.cpython-38.pyc
/home/owais/CAS/CAS_project/install/bugbot_urdf_description/share/ament_index/resource_index/packages/bugbot_urdf_description
/home/owais/CAS/CAS_project/install/bugbot_urdf_description/share/bugbot_urdf_description/package.xml
/home/owais/CAS/CAS_project/install/bugbot_urdf_description/share/bugbot_urdf_description/state_publisher.launch.py
/home/owais/CAS/CAS_project/install/bugbot_urdf_description/share/bugbot_urdf_description/bugbot_viz.rviz2
/home/owais/CAS/CAS_project/install/bugbot_urdf_description/share/bugbot_urdf_description/bugbot_description.urdf
/home/owais/CAS/CAS_project/install/bugbot_urdf_description/share/bugbot_urdf_description/meshes/BugBotBody.STL
/home/owais/CAS/CAS_project/install/bugbot_urdf_description/share/bugbot_urdf_description/meshes/BugBotBodyV3.STL
/home/owais/CAS/CAS_project/install/bugbot_urdf_description/share/bugbot_urdf_description/meshes/Wheel.STL
/home/owais/CAS/CAS_project/install/bugbot_urdf_description/lib/python3.8/site-packages/bugbot_urdf_description-0.0.0-py3.8.egg-info/zip-safe
/home/owais/CAS/CAS_project/install/bugbot_urdf_description/lib/python3.8/site-packages/bugbot_urdf_description-0.0.0-py3.8.egg-info/SOURCES.txt
/home/owais/CAS/CAS_project/install/bugbot_urdf_description/lib/python3.8/site-packages/bugbot_urdf_description-0.0.0-py3.8.egg-info/entry_points.txt
/home/owais/CAS/CAS_project/install/bugbot_urdf_description/lib/python3.8/site-packages/bugbot_urdf_description-0.0.0-py3.8.egg-info/dependency_links.txt
/home/owais/CAS/CAS_project/install/bugbot_urdf_description/lib/python3.8/site-packages/bugbot_urdf_description-0.0.0-py3.8.egg-info/top_level.txt
/home/owais/CAS/CAS_project/install/bugbot_urdf_description/lib/python3.8/site-packages/bugbot_urdf_description-0.0.0-py3.8.egg-info/requires.txt
/home/owais/CAS/CAS_project/install/bugbot_urdf_description/lib/python3.8/site-packages/bugbot_urdf_description-0.0.0-py3.8.egg-info/PKG-INFO
/home/owais/CAS/CAS_project/install/bugbot_urdf_description/lib/bugbot_urdf_description/state_publisher
